mode: set
github.com/ethereum/go-ethereum/eth/tracers/api.go:102.35,104.2 1 0
github.com/ethereum/go-ethereum/eth/tracers/api.go:108.69,110.2 1 0
github.com/ethereum/go-ethereum/eth/tracers/api.go:114.98,116.16 2 0
github.com/ethereum/go-ethereum/eth/tracers/api.go:116.16,118.3 1 0
github.com/ethereum/go-ethereum/eth/tracers/api.go:119.2,119.18 1 0
github.com/ethereum/go-ethereum/eth/tracers/api.go:119.18,121.3 1 0
github.com/ethereum/go-ethereum/eth/tracers/api.go:122.2,122.19 1 0
github.com/ethereum/go-ethereum/eth/tracers/api.go:127.90,129.16 2 0
github.com/ethereum/go-ethereum/eth/tracers/api.go:129.16,131.3 1 0
github.com/ethereum/go-ethereum/eth/tracers/api.go:132.2,132.18 1 0
github.com/ethereum/go-ethereum/eth/tracers/api.go:132.18,134.3 1 0
github.com/ethereum/go-ethereum/eth/tracers/api.go:135.2,135.19 1 0
github.com/ethereum/go-ethereum/eth/tracers/api.go:143.123,145.16 2 0
github.com/ethereum/go-ethereum/eth/tracers/api.go:145.16,147.3 1 0
github.com/ethereum/go-ethereum/eth/tracers/api.go:148.2,148.26 1 0
github.com/ethereum/go-ethereum/eth/tracers/api.go:148.26,150.3 1 0
github.com/ethereum/go-ethereum/eth/tracers/api.go:151.2,151.35 1 0
github.com/ethereum/go-ethereum/eth/tracers/api.go:214.125,216.16 2 0
github.com/ethereum/go-ethereum/eth/tracers/api.go:216.16,218.3 1 0
github.com/ethereum/go-ethereum/eth/tracers/api.go:219.2,220.16 2 0
github.com/ethereum/go-ethereum/eth/tracers/api.go:220.16,222.3 1 0
github.com/ethereum/go-ethereum/eth/tracers/api.go:223.2,223.41 1 0
github.com/ethereum/go-ethereum/eth/tracers/api.go:223.41,225.3 1 0
github.com/ethereum/go-ethereum/eth/tracers/api.go:227.2,228.16 2 0
github.com/ethereum/go-ethereum/eth/tracers/api.go:228.16,230.3 1 0
github.com/ethereum/go-ethereum/eth/tracers/api.go:231.2,234.12 3 0
github.com/ethereum/go-ethereum/eth/tracers/api.go:234.12,235.29 1 0
github.com/ethereum/go-ethereum/eth/tracers/api.go:235.29,237.4 1 0
github.com/ethereum/go-ethereum/eth/tracers/api.go:239.2,239.17 1 0
github.com/ethereum/go-ethereum/eth/tracers/api.go:247.118,249.43 2 0
github.com/ethereum/go-ethereum/eth/tracers/api.go:249.43,251.3 1 0
github.com/ethereum/go-ethereum/eth/tracers/api.go:252.2,254.22 3 0
github.com/ethereum/go-ethereum/eth/tracers/api.go:254.22,256.3 1 0
github.com/ethereum/go-ethereum/eth/tracers/api.go:257.2,264.34 2 0
github.com/ethereum/go-ethereum/eth/tracers/api.go:264.34,266.13 2 0
github.com/ethereum/go-ethereum/eth/tracers/api.go:266.13,270.29 2 0
github.com/ethereum/go-ethereum/eth/tracers/api.go:270.29,276.50 2 0
github.com/ethereum/go-ethereum/eth/tracers/api.go:276.50,285.20 4 0
github.com/ethereum/go-ethereum/eth/tracers/api.go:285.20,288.12 3 0
github.com/ethereum/go-ethereum/eth/tracers/api.go:290.6,290.70 1 0
github.com/ethereum/go-ethereum/eth/tracers/api.go:295.5,298.12 2 0
github.com/ethereum/go-ethereum/eth/tracers/api.go:299.24,299.24 0 0
github.com/ethereum/go-ethereum/eth/tracers/api.go:300.19,301.12 1 0
github.com/ethereum/go-ethereum/eth/tracers/api.go:307.2,307.12 1 0
github.com/ethereum/go-ethereum/eth/tracers/api.go:307.12,318.16 2 0
github.com/ethereum/go-ethereum/eth/tracers/api.go:318.16,326.11 4 0
github.com/ethereum/go-ethereum/eth/tracers/api.go:327.23,328.158 1 0
github.com/ethereum/go-ethereum/eth/tracers/api.go:329.34,330.161 1 0
github.com/ethereum/go-ethereum/eth/tracers/api.go:331.12,332.145 1 0
github.com/ethereum/go-ethereum/eth/tracers/api.go:334.4,334.16 1 0
github.com/ethereum/go-ethereum/eth/tracers/api.go:337.3,337.70 1 0
github.com/ethereum/go-ethereum/eth/tracers/api.go:337.70,339.11 1 0
github.com/ethereum/go-ethereum/eth/tracers/api.go:340.18,341.11 1 0
github.com/ethereum/go-ethereum/eth/tracers/api.go:342.12,342.12 0 0
github.com/ethereum/go-ethereum/eth/tracers/api.go:345.4,345.42 1 0
github.com/ethereum/go-ethereum/eth/tracers/api.go:345.42,348.5 2 0
github.com/ethereum/go-ethereum/eth/tracers/api.go:350.4,351.18 2 0
github.com/ethereum/go-ethereum/eth/tracers/api.go:351.18,353.10 2 0
github.com/ethereum/go-ethereum/eth/tracers/api.go:355.4,356.18 2 0
github.com/ethereum/go-ethereum/eth/tracers/api.go:356.18,358.10 2 0
github.com/ethereum/go-ethereum/eth/tracers/api.go:363.4,363.46 1 0
github.com/ethereum/go-ethereum/eth/tracers/api.go:363.46,365.10 2 0
github.com/ethereum/go-ethereum/eth/tracers/api.go:372.4,373.22 2 0
github.com/ethereum/go-ethereum/eth/tracers/api.go:373.22,376.5 2 0
github.com/ethereum/go-ethereum/eth/tracers/api.go:377.4,378.18 2 0
github.com/ethereum/go-ethereum/eth/tracers/api.go:378.18,380.10 2 0
github.com/ethereum/go-ethereum/eth/tracers/api.go:384.4,386.58 3 0
github.com/ethereum/go-ethereum/eth/tracers/api.go:386.58,388.5 1 0
github.com/ethereum/go-ethereum/eth/tracers/api.go:390.4,390.70 1 0
github.com/ethereum/go-ethereum/eth/tracers/api.go:390.70,392.5 1 0
github.com/ethereum/go-ethereum/eth/tracers/api.go:397.4,401.11 3 0
github.com/ethereum/go-ethereum/eth/tracers/api.go:402.134,402.134 0 0
github.com/ethereum/go-ethereum/eth/tracers/api.go:403.18,405.11 2 0
github.com/ethereum/go-ethereum/eth/tracers/api.go:407.4,407.30 1 0
github.com/ethereum/go-ethereum/eth/tracers/api.go:412.2,413.12 2 0
github.com/ethereum/go-ethereum/eth/tracers/api.go:413.12,419.26 3 0
github.com/ethereum/go-ethereum/eth/tracers/api.go:419.26,429.62 3 0
github.com/ethereum/go-ethereum/eth/tracers/api.go:429.62,430.58 1 0
github.com/ethereum/go-ethereum/eth/tracers/api.go:430.58,436.6 1 0
github.com/ethereum/go-ethereum/eth/tracers/api.go:437.5,438.11 2 0
github.com/ethereum/go-ethereum/eth/tracers/api.go:442.2,442.14 1 0
github.com/ethereum/go-ethereum/eth/tracers/api.go:447.128,449.16 2 0
github.com/ethereum/go-ethereum/eth/tracers/api.go:449.16,451.3 1 0
github.com/ethereum/go-ethereum/eth/tracers/api.go:452.2,452.43 1 0
github.com/ethereum/go-ethereum/eth/tracers/api.go:457.120,459.16 2 0
github.com/ethereum/go-ethereum/eth/tracers/api.go:459.16,461.3 1 0
github.com/ethereum/go-ethereum/eth/tracers/api.go:462.2,462.43 1 0
github.com/ethereum/go-ethereum/eth/tracers/api.go:467.116,469.53 2 0
github.com/ethereum/go-ethereum/eth/tracers/api.go:469.53,471.3 1 0
github.com/ethereum/go-ethereum/eth/tracers/api.go:472.2,472.43 1 0
github.com/ethereum/go-ethereum/eth/tracers/api.go:477.117,479.16 2 0
github.com/ethereum/go-ethereum/eth/tracers/api.go:479.16,481.3 1 0
github.com/ethereum/go-ethereum/eth/tracers/api.go:482.2,482.42 1 0
github.com/ethereum/go-ethereum/eth/tracers/api.go:488.117,490.18 2 0
github.com/ethereum/go-ethereum/eth/tracers/api.go:490.18,492.3 1 0
github.com/ethereum/go-ethereum/eth/tracers/api.go:493.2,493.43 1 0
github.com/ethereum/go-ethereum/eth/tracers/api.go:499.123,501.16 2 0
github.com/ethereum/go-ethereum/eth/tracers/api.go:501.16,503.3 1 0
github.com/ethereum/go-ethereum/eth/tracers/api.go:504.2,504.57 1 0
github.com/ethereum/go-ethereum/eth/tracers/api.go:509.118,511.18 2 0
github.com/ethereum/go-ethereum/eth/tracers/api.go:511.18,514.3 1 0
github.com/ethereum/go-ethereum/eth/tracers/api.go:515.2,515.18 1 0
github.com/ethereum/go-ethereum/eth/tracers/api.go:515.18,517.3 1 0
github.com/ethereum/go-ethereum/eth/tracers/api.go:518.2,518.28 1 0
github.com/ethereum/go-ethereum/eth/tracers/api.go:518.28,520.3 1 0
github.com/ethereum/go-ethereum/eth/tracers/api.go:521.2,522.16 2 0
github.com/ethereum/go-ethereum/eth/tracers/api.go:522.16,524.3 1 0
github.com/ethereum/go-ethereum/eth/tracers/api.go:525.2,526.43 2 0
github.com/ethereum/go-ethereum/eth/tracers/api.go:526.43,528.3 1 0
github.com/ethereum/go-ethereum/eth/tracers/api.go:529.2,530.16 2 0
github.com/ethereum/go-ethereum/eth/tracers/api.go:530.16,532.3 1 0
github.com/ethereum/go-ethereum/eth/tracers/api.go:533.2,542.57 4 0
github.com/ethereum/go-ethereum/eth/tracers/api.go:542.57,544.3 1 0
github.com/ethereum/go-ethereum/eth/tracers/api.go:545.2,545.56 1 0
github.com/ethereum/go-ethereum/eth/tracers/api.go:545.56,547.3 1 0
github.com/ethereum/go-ethereum/eth/tracers/api.go:548.2,548.42 1 0
github.com/ethereum/go-ethereum/eth/tracers/api.go:548.42,549.35 1 0
github.com/ethereum/go-ethereum/eth/tracers/api.go:549.35,551.4 1 0
github.com/ethereum/go-ethereum/eth/tracers/api.go:552.3,554.96 3 0
github.com/ethereum/go-ethereum/eth/tracers/api.go:554.96,563.4 2 0
github.com/ethereum/go-ethereum/eth/tracers/api.go:566.3,566.70 1 0
github.com/ethereum/go-ethereum/eth/tracers/api.go:568.2,568.19 1 0
github.com/ethereum/go-ethereum/eth/tracers/api.go:574.126,576.18 2 0
github.com/ethereum/go-ethereum/eth/tracers/api.go:576.18,578.3 1 0
github.com/ethereum/go-ethereum/eth/tracers/api.go:579.2,579.57 1 0
github.com/ethereum/go-ethereum/eth/tracers/api.go:585.116,586.28 1 0
github.com/ethereum/go-ethereum/eth/tracers/api.go:586.28,588.3 1 0
github.com/ethereum/go-ethereum/eth/tracers/api.go:590.2,591.16 2 0
github.com/ethereum/go-ethereum/eth/tracers/api.go:591.16,593.3 1 0
github.com/ethereum/go-ethereum/eth/tracers/api.go:594.2,595.43 2 0
github.com/ethereum/go-ethereum/eth/tracers/api.go:595.43,597.3 1 0
github.com/ethereum/go-ethereum/eth/tracers/api.go:598.2,599.16 2 0
github.com/ethereum/go-ethereum/eth/tracers/api.go:599.16,601.3 1 0
github.com/ethereum/go-ethereum/eth/tracers/api.go:602.2,606.57 4 0
github.com/ethereum/go-ethereum/eth/tracers/api.go:606.57,608.3 1 0
github.com/ethereum/go-ethereum/eth/tracers/api.go:609.2,609.70 1 0
github.com/ethereum/go-ethereum/eth/tracers/api.go:609.70,611.3 1 0
github.com/ethereum/go-ethereum/eth/tracers/api.go:616.2,616.67 1 0
github.com/ethereum/go-ethereum/eth/tracers/api.go:616.67,617.58 1 0
github.com/ethereum/go-ethereum/eth/tracers/api.go:617.58,619.4 1 0
github.com/ethereum/go-ethereum/eth/tracers/api.go:622.2,628.25 2 0
github.com/ethereum/go-ethereum/eth/tracers/api.go:628.25,638.17 4 0
github.com/ethereum/go-ethereum/eth/tracers/api.go:638.17,640.4 1 0
github.com/ethereum/go-ethereum/eth/tracers/api.go:641.3,641.62 1 0
github.com/ethereum/go-ethereum/eth/tracers/api.go:643.2,643.21 1 0
github.com/ethereum/go-ethereum/eth/tracers/api.go:649.148,659.24 3 0
github.com/ethereum/go-ethereum/eth/tracers/api.go:659.24,661.3 1 0
github.com/ethereum/go-ethereum/eth/tracers/api.go:662.2,663.34 2 0
github.com/ethereum/go-ethereum/eth/tracers/api.go:663.34,665.13 2 0
github.com/ethereum/go-ethereum/eth/tracers/api.go:665.13,668.27 2 0
github.com/ethereum/go-ethereum/eth/tracers/api.go:668.27,682.19 5 0
github.com/ethereum/go-ethereum/eth/tracers/api.go:682.19,684.14 2 0
github.com/ethereum/go-ethereum/eth/tracers/api.go:686.5,686.86 1 0
github.com/ethereum/go-ethereum/eth/tracers/api.go:692.2,697.25 4 0
github.com/ethereum/go-ethereum/eth/tracers/api.go:697.25,700.10 2 0
github.com/ethereum/go-ethereum/eth/tracers/api.go:701.21,703.16 2 0
github.com/ethereum/go-ethereum/eth/tracers/api.go:704.21,704.21 0 0
github.com/ethereum/go-ethereum/eth/tracers/api.go:708.3,710.96 3 0
github.com/ethereum/go-ethereum/eth/tracers/api.go:710.96,712.16 2 0
github.com/ethereum/go-ethereum/eth/tracers/api.go:716.3,716.63 1 0
github.com/ethereum/go-ethereum/eth/tracers/api.go:719.2,723.19 3 0
github.com/ethereum/go-ethereum/eth/tracers/api.go:723.19,725.3 1 0
github.com/ethereum/go-ethereum/eth/tracers/api.go:726.2,726.21 1 0
github.com/ethereum/go-ethereum/eth/tracers/api.go:732.125,734.55 1 0
github.com/ethereum/go-ethereum/eth/tracers/api.go:734.55,735.40 1 0
github.com/ethereum/go-ethereum/eth/tracers/api.go:735.40,737.4 1 0
github.com/ethereum/go-ethereum/eth/tracers/api.go:739.2,739.28 1 0
github.com/ethereum/go-ethereum/eth/tracers/api.go:739.28,741.3 1 0
github.com/ethereum/go-ethereum/eth/tracers/api.go:742.2,743.16 2 0
github.com/ethereum/go-ethereum/eth/tracers/api.go:743.16,745.3 1 0
github.com/ethereum/go-ethereum/eth/tracers/api.go:746.2,747.43 2 0
github.com/ethereum/go-ethereum/eth/tracers/api.go:747.43,749.3 1 0
github.com/ethereum/go-ethereum/eth/tracers/api.go:750.2,751.16 2 0
github.com/ethereum/go-ethereum/eth/tracers/api.go:751.16,753.3 1 0
github.com/ethereum/go-ethereum/eth/tracers/api.go:754.2,760.19 3 0
github.com/ethereum/go-ethereum/eth/tracers/api.go:760.19,763.3 2 0
github.com/ethereum/go-ethereum/eth/tracers/api.go:766.2,778.46 2 0
github.com/ethereum/go-ethereum/eth/tracers/api.go:778.46,781.3 1 0
github.com/ethereum/go-ethereum/eth/tracers/api.go:783.2,784.57 2 0
github.com/ethereum/go-ethereum/eth/tracers/api.go:784.57,786.3 1 0
github.com/ethereum/go-ethereum/eth/tracers/api.go:787.2,787.56 1 0
github.com/ethereum/go-ethereum/eth/tracers/api.go:787.56,789.3 1 0
github.com/ethereum/go-ethereum/eth/tracers/api.go:790.2,790.42 1 0
github.com/ethereum/go-ethereum/eth/tracers/api.go:790.42,793.55 2 0
github.com/ethereum/go-ethereum/eth/tracers/api.go:793.55,796.18 2 0
github.com/ethereum/go-ethereum/eth/tracers/api.go:796.18,798.5 1 0
github.com/ethereum/go-ethereum/eth/tracers/api.go:801.4,802.12 2 0
github.com/ethereum/go-ethereum/eth/tracers/api.go:806.3,807.13 2 0
github.com/ethereum/go-ethereum/eth/tracers/api.go:807.13,809.4 1 0
github.com/ethereum/go-ethereum/eth/tracers/api.go:810.3,812.17 3 0
github.com/ethereum/go-ethereum/eth/tracers/api.go:812.17,814.4 1 0
github.com/ethereum/go-ethereum/eth/tracers/api.go:815.3,827.30 4 0
github.com/ethereum/go-ethereum/eth/tracers/api.go:827.30,829.4 1 0
github.com/ethereum/go-ethereum/eth/tracers/api.go:830.3,831.20 2 0
github.com/ethereum/go-ethereum/eth/tracers/api.go:831.20,833.4 1 0
github.com/ethereum/go-ethereum/eth/tracers/api.go:834.3,834.18 1 0
github.com/ethereum/go-ethereum/eth/tracers/api.go:834.18,837.4 2 0
github.com/ethereum/go-ethereum/eth/tracers/api.go:838.3,838.17 1 0
github.com/ethereum/go-ethereum/eth/tracers/api.go:838.17,840.4 1 0
github.com/ethereum/go-ethereum/eth/tracers/api.go:843.3,846.26 2 0
github.com/ethereum/go-ethereum/eth/tracers/api.go:846.26,847.9 1 0
github.com/ethereum/go-ethereum/eth/tracers/api.go:850.2,850.19 1 0
github.com/ethereum/go-ethereum/eth/tracers/api.go:855.60,856.42 1 0
github.com/ethereum/go-ethereum/eth/tracers/api.go:856.42,857.24 1 0
github.com/ethereum/go-ethereum/eth/tracers/api.go:857.24,859.4 1 0
github.com/ethereum/go-ethereum/eth/tracers/api.go:861.2,861.14 1 0
github.com/ethereum/go-ethereum/eth/tracers/api.go:866.115,868.12 2 0
github.com/ethereum/go-ethereum/eth/tracers/api.go:868.12,870.33 1 0
github.com/ethereum/go-ethereum/eth/tracers/api.go:870.33,872.4 1 0
github.com/ethereum/go-ethereum/eth/tracers/api.go:874.3,874.28 1 0
github.com/ethereum/go-ethereum/eth/tracers/api.go:877.2,877.22 1 0
github.com/ethereum/go-ethereum/eth/tracers/api.go:877.22,879.3 1 0
github.com/ethereum/go-ethereum/eth/tracers/api.go:880.2,881.43 2 0
github.com/ethereum/go-ethereum/eth/tracers/api.go:881.43,883.3 1 0
github.com/ethereum/go-ethereum/eth/tracers/api.go:884.2,885.16 2 0
github.com/ethereum/go-ethereum/eth/tracers/api.go:885.16,887.3 1 0
github.com/ethereum/go-ethereum/eth/tracers/api.go:888.2,889.16 2 0
github.com/ethereum/go-ethereum/eth/tracers/api.go:889.16,891.3 1 0
github.com/ethereum/go-ethereum/eth/tracers/api.go:892.2,895.16 3 0
github.com/ethereum/go-ethereum/eth/tracers/api.go:895.16,897.3 1 0
github.com/ethereum/go-ethereum/eth/tracers/api.go:898.2,904.70 2 0
github.com/ethereum/go-ethereum/eth/tracers/api.go:914.160,923.42 2 0
github.com/ethereum/go-ethereum/eth/tracers/api.go:923.42,925.3 1 0
github.com/ethereum/go-ethereum/eth/tracers/api.go:925.8,925.53 1 0
github.com/ethereum/go-ethereum/eth/tracers/api.go:925.53,926.39 1 0
github.com/ethereum/go-ethereum/eth/tracers/api.go:926.39,933.4 1 0
github.com/ethereum/go-ethereum/eth/tracers/api.go:934.3,934.46 1 0
github.com/ethereum/go-ethereum/eth/tracers/api.go:935.8,937.3 1 0
github.com/ethereum/go-ethereum/eth/tracers/api.go:938.2,938.16 1 0
github.com/ethereum/go-ethereum/eth/tracers/api.go:938.16,940.3 1 0
github.com/ethereum/go-ethereum/eth/tracers/api.go:942.2,943.43 2 0
github.com/ethereum/go-ethereum/eth/tracers/api.go:943.43,945.3 1 0
github.com/ethereum/go-ethereum/eth/tracers/api.go:947.2,947.44 1 0
github.com/ethereum/go-ethereum/eth/tracers/api.go:947.44,949.3 1 0
github.com/ethereum/go-ethereum/eth/tracers/api.go:949.8,951.3 1 0
github.com/ethereum/go-ethereum/eth/tracers/api.go:952.2,952.16 1 0
github.com/ethereum/go-ethereum/eth/tracers/api.go:952.16,954.3 1 0
github.com/ethereum/go-ethereum/eth/tracers/api.go:955.2,961.19 4 0
github.com/ethereum/go-ethereum/eth/tracers/api.go:961.19,962.146 1 0
github.com/ethereum/go-ethereum/eth/tracers/api.go:962.146,972.4 2 0
github.com/ethereum/go-ethereum/eth/tracers/api.go:973.3,973.68 1 0
github.com/ethereum/go-ethereum/eth/tracers/api.go:973.68,975.4 1 0
github.com/ethereum/go-ethereum/eth/tracers/api.go:976.3,978.75 3 0
github.com/ethereum/go-ethereum/eth/tracers/api.go:978.75,980.4 1 0
github.com/ethereum/go-ethereum/eth/tracers/api.go:984.2,984.124 1 0
github.com/ethereum/go-ethereum/eth/tracers/api.go:984.124,986.3 1 0
github.com/ethereum/go-ethereum/eth/tracers/api.go:987.2,994.30 2 0
github.com/ethereum/go-ethereum/eth/tracers/api.go:994.30,996.3 1 0
github.com/ethereum/go-ethereum/eth/tracers/api.go:997.2,997.65 1 0
github.com/ethereum/go-ethereum/eth/tracers/api.go:997.65,999.3 1 0
github.com/ethereum/go-ethereum/eth/tracers/api.go:1000.2,1000.19 1 0
github.com/ethereum/go-ethereum/eth/tracers/api.go:1000.19,1002.3 1 0
github.com/ethereum/go-ethereum/eth/tracers/api.go:1003.2,1003.97 1 0
github.com/ethereum/go-ethereum/eth/tracers/api.go:1009.234,1016.19 2 0
github.com/ethereum/go-ethereum/eth/tracers/api.go:1016.19,1018.3 1 0
github.com/ethereum/go-ethereum/eth/tracers/api.go:1020.2,1020.26 1 0
github.com/ethereum/go-ethereum/eth/tracers/api.go:1020.26,1027.3 2 0
github.com/ethereum/go-ethereum/eth/tracers/api.go:1027.8,1029.17 2 0
github.com/ethereum/go-ethereum/eth/tracers/api.go:1029.17,1031.4 1 0
github.com/ethereum/go-ethereum/eth/tracers/api.go:1033.2,1035.24 3 0
github.com/ethereum/go-ethereum/eth/tracers/api.go:1035.24,1037.3 1 0
github.com/ethereum/go-ethereum/eth/tracers/api.go:1040.2,1040.27 1 0
github.com/ethereum/go-ethereum/eth/tracers/api.go:1040.27,1041.69 1 0
github.com/ethereum/go-ethereum/eth/tracers/api.go:1041.69,1043.4 1 0
github.com/ethereum/go-ethereum/eth/tracers/api.go:1045.2,1046.12 2 0
github.com/ethereum/go-ethereum/eth/tracers/api.go:1046.12,1048.61 2 0
github.com/ethereum/go-ethereum/eth/tracers/api.go:1048.61,1052.4 2 0
github.com/ethereum/go-ethereum/eth/tracers/api.go:1054.2,1059.16 4 0
github.com/ethereum/go-ethereum/eth/tracers/api.go:1059.16,1061.3 1 0
github.com/ethereum/go-ethereum/eth/tracers/api.go:1062.2,1062.27 1 0
github.com/ethereum/go-ethereum/eth/tracers/api.go:1066.38,1074.2 1 0
github.com/ethereum/go-ethereum/eth/tracers/api.go:1079.109,1085.49 4 0
github.com/ethereum/go-ethereum/eth/tracers/api.go:1085.49,1088.3 2 0
github.com/ethereum/go-ethereum/eth/tracers/api.go:1089.2,1089.49 1 0
github.com/ethereum/go-ethereum/eth/tracers/api.go:1089.49,1092.3 2 0
github.com/ethereum/go-ethereum/eth/tracers/api.go:1093.2,1093.55 1 0
github.com/ethereum/go-ethereum/eth/tracers/api.go:1093.55,1096.3 2 0
github.com/ethereum/go-ethereum/eth/tracers/api.go:1097.2,1097.54 1 0
github.com/ethereum/go-ethereum/eth/tracers/api.go:1097.54,1100.3 2 0
github.com/ethereum/go-ethereum/eth/tracers/api.go:1101.2,1101.56 1 0
github.com/ethereum/go-ethereum/eth/tracers/api.go:1101.56,1104.3 2 0
github.com/ethereum/go-ethereum/eth/tracers/api.go:1105.2,1105.58 1 0
github.com/ethereum/go-ethereum/eth/tracers/api.go:1105.58,1108.3 2 0
github.com/ethereum/go-ethereum/eth/tracers/api.go:1109.2,1109.56 1 0
github.com/ethereum/go-ethereum/eth/tracers/api.go:1109.56,1112.3 2 0
github.com/ethereum/go-ethereum/eth/tracers/api.go:1113.2,1113.56 1 0
github.com/ethereum/go-ethereum/eth/tracers/api.go:1113.56,1116.3 2 0
github.com/ethereum/go-ethereum/eth/tracers/api.go:1117.2,1117.55 1 0
github.com/ethereum/go-ethereum/eth/tracers/api.go:1117.55,1120.3 2 0
github.com/ethereum/go-ethereum/eth/tracers/api.go:1121.2,1121.56 1 0
github.com/ethereum/go-ethereum/eth/tracers/api.go:1121.56,1124.3 2 0
github.com/ethereum/go-ethereum/eth/tracers/api.go:1126.2,1126.20 1 0
github.com/ethereum/go-ethereum/eth/tracers/api_ext.go:30.24,32.16 2 0
github.com/ethereum/go-ethereum/eth/tracers/api_ext.go:32.16,34.3 1 0
github.com/ethereum/go-ethereum/eth/tracers/api_ext.go:35.2,35.51 1 0
github.com/ethereum/go-ethereum/eth/tracers/api_ext.go:42.24,44.16 2 0
github.com/ethereum/go-ethereum/eth/tracers/api_ext.go:44.16,46.3 1 0
github.com/ethereum/go-ethereum/eth/tracers/api_ext.go:47.2,47.51 1 0
github.com/ethereum/go-ethereum/eth/tracers/api_ext.go:50.124,51.75 1 0
github.com/ethereum/go-ethereum/eth/tracers/api_ext.go:51.75,53.3 1 0
github.com/ethereum/go-ethereum/eth/tracers/api_ext.go:56.2,64.28 4 0
github.com/ethereum/go-ethereum/eth/tracers/api_ext.go:64.28,66.17 2 0
github.com/ethereum/go-ethereum/eth/tracers/api_ext.go:66.17,68.4 1 0
github.com/ethereum/go-ethereum/eth/tracers/api_ext.go:69.3,69.19 1 0
github.com/ethereum/go-ethereum/eth/tracers/api_ext.go:69.19,71.4 1 0
github.com/ethereum/go-ethereum/eth/tracers/api_ext.go:72.3,72.46 1 0
github.com/ethereum/go-ethereum/eth/tracers/api_ext.go:73.8,76.17 2 0
github.com/ethereum/go-ethereum/eth/tracers/api_ext.go:76.17,78.4 1 0
github.com/ethereum/go-ethereum/eth/tracers/api_ext.go:79.3,80.44 2 0
github.com/ethereum/go-ethereum/eth/tracers/api_ext.go:80.44,82.4 1 0
github.com/ethereum/go-ethereum/eth/tracers/api_ext.go:83.3,84.17 2 0
github.com/ethereum/go-ethereum/eth/tracers/api_ext.go:84.17,86.4 1 0
github.com/ethereum/go-ethereum/eth/tracers/api_ext.go:87.3,93.32 3 0
github.com/ethereum/go-ethereum/eth/tracers/api_ext.go:93.32,94.11 1 0
github.com/ethereum/go-ethereum/eth/tracers/api_ext.go:95.22,96.16 1 0
github.com/ethereum/go-ethereum/eth/tracers/api_ext.go:97.12,98.17 1 0
github.com/ethereum/go-ethereum/eth/tracers/api_ext.go:101.3,102.17 2 0
github.com/ethereum/go-ethereum/eth/tracers/api_ext.go:102.17,104.4 1 0
github.com/ethereum/go-ethereum/eth/tracers/api_ext.go:106.3,109.17 4 0
github.com/ethereum/go-ethereum/eth/tracers/api_ext.go:109.17,111.4 1 0
github.com/ethereum/go-ethereum/eth/tracers/api_ext.go:114.3,114.24 1 0
github.com/ethereum/go-ethereum/eth/tracers/api_ext.go:117.2,117.41 1 0
github.com/ethereum/go-ethereum/eth/tracers/api_ext.go:117.41,119.3 1 0
github.com/ethereum/go-ethereum/eth/tracers/api_ext.go:121.2,125.29 4 0
github.com/ethereum/go-ethereum/eth/tracers/api_ext.go:125.29,126.44 1 0
github.com/ethereum/go-ethereum/eth/tracers/api_ext.go:126.44,128.9 2 0
github.com/ethereum/go-ethereum/eth/tracers/api_ext.go:132.2,132.25 1 0
github.com/ethereum/go-ethereum/eth/tracers/api_ext.go:132.25,134.3 1 0
github.com/ethereum/go-ethereum/eth/tracers/api_ext.go:137.2,138.21 2 0
github.com/ethereum/go-ethereum/eth/tracers/api_ext.go:138.21,140.3 1 0
github.com/ethereum/go-ethereum/eth/tracers/api_ext.go:142.2,144.16 3 0
github.com/ethereum/go-ethereum/eth/tracers/api_ext.go:144.16,146.3 1 0
github.com/ethereum/go-ethereum/eth/tracers/api_ext.go:149.2,150.62 2 0
github.com/ethereum/go-ethereum/eth/tracers/api_ext.go:150.62,152.3 1 0
github.com/ethereum/go-ethereum/eth/tracers/api_ext.go:154.2,155.16 2 0
github.com/ethereum/go-ethereum/eth/tracers/api_ext.go:155.16,157.3 1 0
github.com/ethereum/go-ethereum/eth/tracers/api_ext.go:159.2,169.26 2 0
github.com/ethereum/go-ethereum/eth/tracers/api_ext.go:172.44,173.19 1 0
github.com/ethereum/go-ethereum/eth/tracers/api_ext.go:173.19,175.3 1 0
github.com/ethereum/go-ethereum/eth/tracers/api_ext.go:178.2,178.21 1 0
github.com/ethereum/go-ethereum/eth/tracers/api_ext.go:182.102,184.20 2 0
github.com/ethereum/go-ethereum/eth/tracers/api_ext.go:184.20,185.51 1 0
github.com/ethereum/go-ethereum/eth/tracers/api_ext.go:185.51,187.4 1 0
github.com/ethereum/go-ethereum/eth/tracers/api_ext.go:189.3,189.20 1 0
github.com/ethereum/go-ethereum/eth/tracers/api_ext.go:192.2,193.19 2 0
github.com/ethereum/go-ethereum/eth/tracers/api_ext.go:194.33,195.39 1 0
github.com/ethereum/go-ethereum/eth/tracers/api_ext.go:196.33,197.46 1 0
github.com/ethereum/go-ethereum/eth/tracers/api_ext.go:198.33,199.46 1 0
github.com/ethereum/go-ethereum/eth/tracers/api_ext.go:200.31,201.44 1 0
github.com/ethereum/go-ethereum/eth/tracers/api_ext.go:203.2,203.20 1 0
github.com/ethereum/go-ethereum/eth/tracers/api_ext.go:203.20,205.3 1 0
github.com/ethereum/go-ethereum/eth/tracers/api_ext.go:207.2,207.17 1 0
github.com/ethereum/go-ethereum/eth/tracers/dir.go:69.64,71.2 1 0
github.com/ethereum/go-ethereum/eth/tracers/dir.go:75.48,77.2 1 0
github.com/ethereum/go-ethereum/eth/tracers/dir.go:82.123,83.19 1 0
github.com/ethereum/go-ethereum/eth/tracers/dir.go:83.19,85.3 1 0
github.com/ethereum/go-ethereum/eth/tracers/dir.go:86.2,86.35 1 0
github.com/ethereum/go-ethereum/eth/tracers/dir.go:86.35,88.3 1 0
github.com/ethereum/go-ethereum/eth/tracers/dir.go:90.2,90.46 1 0
github.com/ethereum/go-ethereum/eth/tracers/dir.go:96.44,97.35 1 0
github.com/ethereum/go-ethereum/eth/tracers/dir.go:97.35,99.3 1 0
github.com/ethereum/go-ethereum/eth/tracers/dir.go:101.2,101.13 1 0
github.com/ethereum/go-ethereum/eth/tracers/firehose.go:55.13,64.2 4 1
github.com/ethereum/go-ethereum/eth/tracers/firehose.go:66.69,68.16 2 0
github.com/ethereum/go-ethereum/eth/tracers/firehose.go:68.16,70.3 1 0
github.com/ethereum/go-ethereum/eth/tracers/firehose.go:72.2,72.57 1 0
github.com/ethereum/go-ethereum/eth/tracers/firehose.go:75.67,134.2 1 0
github.com/ethereum/go-ethereum/eth/tracers/firehose.go:152.47,154.41 2 1
github.com/ethereum/go-ethereum/eth/tracers/firehose.go:154.41,156.3 1 1
github.com/ethereum/go-ethereum/eth/tracers/firehose.go:158.2,161.3 1 1
github.com/ethereum/go-ethereum/eth/tracers/firehose.go:164.61,165.22 1 0
github.com/ethereum/go-ethereum/eth/tracers/firehose.go:165.22,167.3 1 0
github.com/ethereum/go-ethereum/eth/tracers/firehose.go:169.2,169.14 1 0
github.com/ethereum/go-ethereum/eth/tracers/firehose.go:226.69,228.26 2 1
github.com/ethereum/go-ethereum/eth/tracers/firehose.go:228.26,229.54 1 1
github.com/ethereum/go-ethereum/eth/tracers/firehose.go:229.54,231.4 1 0
github.com/ethereum/go-ethereum/eth/tracers/firehose.go:234.3,239.61 3 1
github.com/ethereum/go-ethereum/eth/tracers/firehose.go:239.61,241.4 1 0
github.com/ethereum/go-ethereum/eth/tracers/firehose.go:241.9,243.4 1 1
github.com/ethereum/go-ethereum/eth/tracers/firehose.go:246.2,246.34 1 1
github.com/ethereum/go-ethereum/eth/tracers/firehose.go:249.52,278.27 3 1
github.com/ethereum/go-ethereum/eth/tracers/firehose.go:278.27,280.39 2 1
github.com/ethereum/go-ethereum/eth/tracers/firehose.go:280.39,282.4 1 1
github.com/ethereum/go-ethereum/eth/tracers/firehose.go:285.2,285.17 1 1
github.com/ethereum/go-ethereum/eth/tracers/firehose.go:288.76,317.2 2 0
github.com/ethereum/go-ethereum/eth/tracers/firehose.go:320.33,331.2 10 1
github.com/ethereum/go-ethereum/eth/tracers/firehose.go:334.39,346.2 9 1
github.com/ethereum/go-ethereum/eth/tracers/firehose.go:348.70,351.74 2 1
github.com/ethereum/go-ethereum/eth/tracers/firehose.go:351.74,353.3 1 1
github.com/ethereum/go-ethereum/eth/tracers/firehose.go:353.8,355.3 1 0
github.com/ethereum/go-ethereum/eth/tracers/firehose.go:357.2,358.41 2 1
github.com/ethereum/go-ethereum/eth/tracers/firehose.go:358.41,359.45 1 0
github.com/ethereum/go-ethereum/eth/tracers/firehose.go:359.45,362.4 2 0
github.com/ethereum/go-ethereum/eth/tracers/firehose.go:362.9,362.72 1 0
github.com/ethereum/go-ethereum/eth/tracers/firehose.go:362.72,365.4 2 0
github.com/ethereum/go-ethereum/eth/tracers/firehose.go:365.9,368.4 2 0
github.com/ethereum/go-ethereum/eth/tracers/firehose.go:369.8,369.42 1 1
github.com/ethereum/go-ethereum/eth/tracers/firehose.go:369.42,371.45 2 0
github.com/ethereum/go-ethereum/eth/tracers/firehose.go:371.45,373.4 1 0
github.com/ethereum/go-ethereum/eth/tracers/firehose.go:374.8,376.3 1 1
github.com/ethereum/go-ethereum/eth/tracers/firehose.go:378.2,378.42 1 1
github.com/ethereum/go-ethereum/eth/tracers/firehose.go:378.42,386.3 3 0
github.com/ethereum/go-ethereum/eth/tracers/firehose.go:388.2,392.3 1 1
github.com/ethereum/go-ethereum/eth/tracers/firehose.go:405.62,416.2 1 0
github.com/ethereum/go-ethereum/eth/tracers/firehose.go:418.59,444.101 6 1
github.com/ethereum/go-ethereum/eth/tracers/firehose.go:444.101,446.3 1 0
github.com/ethereum/go-ethereum/eth/tracers/firehose.go:448.2,463.35 5 1
github.com/ethereum/go-ethereum/eth/tracers/firehose.go:463.35,465.3 1 0
github.com/ethereum/go-ethereum/eth/tracers/firehose.go:467.2,467.39 1 1
github.com/ethereum/go-ethereum/eth/tracers/firehose.go:467.39,469.3 1 0
github.com/ethereum/go-ethereum/eth/tracers/firehose.go:471.2,471.41 1 1
github.com/ethereum/go-ethereum/eth/tracers/firehose.go:471.41,473.3 1 0
github.com/ethereum/go-ethereum/eth/tracers/firehose.go:475.2,475.70 1 1
github.com/ethereum/go-ethereum/eth/tracers/firehose.go:475.70,476.67 1 0
github.com/ethereum/go-ethereum/eth/tracers/firehose.go:476.67,478.34 2 0
github.com/ethereum/go-ethereum/eth/tracers/firehose.go:478.34,485.5 1 0
github.com/ethereum/go-ethereum/eth/tracers/firehose.go:489.2,489.52 1 1
github.com/ethereum/go-ethereum/eth/tracers/firehose.go:492.44,494.2 1 1
github.com/ethereum/go-ethereum/eth/tracers/firehose.go:496.61,502.42 1 0
github.com/ethereum/go-ethereum/eth/tracers/firehose.go:502.42,507.5 1 0
github.com/ethereum/go-ethereum/eth/tracers/firehose.go:511.2,512.19 2 0
github.com/ethereum/go-ethereum/eth/tracers/firehose.go:515.85,519.41 3 1
github.com/ethereum/go-ethereum/eth/tracers/firehose.go:519.41,521.3 1 1
github.com/ethereum/go-ethereum/eth/tracers/firehose.go:523.2,523.40 1 1
github.com/ethereum/go-ethereum/eth/tracers/firehose.go:523.40,526.3 2 0
github.com/ethereum/go-ethereum/eth/tracers/firehose.go:529.42,532.16 2 1
github.com/ethereum/go-ethereum/eth/tracers/firehose.go:532.16,533.28 1 1
github.com/ethereum/go-ethereum/eth/tracers/firehose.go:533.28,535.4 1 0
github.com/ethereum/go-ethereum/eth/tracers/firehose.go:537.3,537.106 1 1
github.com/ethereum/go-ethereum/eth/tracers/firehose.go:537.106,542.4 1 0
github.com/ethereum/go-ethereum/eth/tracers/firehose.go:544.3,547.36 2 1
github.com/ethereum/go-ethereum/eth/tracers/firehose.go:547.36,549.4 1 0
github.com/ethereum/go-ethereum/eth/tracers/firehose.go:549.9,551.4 1 1
github.com/ethereum/go-ethereum/eth/tracers/firehose.go:552.8,555.3 1 0
github.com/ethereum/go-ethereum/eth/tracers/firehose.go:557.2,560.27 3 1
github.com/ethereum/go-ethereum/eth/tracers/firehose.go:563.54,569.44 4 0
github.com/ethereum/go-ethereum/eth/tracers/firehose.go:569.44,570.43 1 0
github.com/ethereum/go-ethereum/eth/tracers/firehose.go:570.43,572.4 1 0
github.com/ethereum/go-ethereum/eth/tracers/firehose.go:575.2,575.41 1 0
github.com/ethereum/go-ethereum/eth/tracers/firehose.go:575.41,576.43 1 0
github.com/ethereum/go-ethereum/eth/tracers/firehose.go:576.43,578.4 1 0
github.com/ethereum/go-ethereum/eth/tracers/firehose.go:588.61,589.28 1 0
github.com/ethereum/go-ethereum/eth/tracers/firehose.go:589.28,592.3 2 0
github.com/ethereum/go-ethereum/eth/tracers/firehose.go:594.2,597.90 3 0
github.com/ethereum/go-ethereum/eth/tracers/firehose.go:597.90,599.3 1 0
github.com/ethereum/go-ethereum/eth/tracers/firehose.go:601.2,602.48 2 0
github.com/ethereum/go-ethereum/eth/tracers/firehose.go:602.48,604.34 2 0
github.com/ethereum/go-ethereum/eth/tracers/firehose.go:604.34,606.4 1 0
github.com/ethereum/go-ethereum/eth/tracers/firehose.go:608.3,608.40 1 0
github.com/ethereum/go-ethereum/eth/tracers/firehose.go:608.40,610.4 1 0
github.com/ethereum/go-ethereum/eth/tracers/firehose.go:612.3,613.28 2 0
github.com/ethereum/go-ethereum/eth/tracers/firehose.go:616.2,616.44 1 0
github.com/ethereum/go-ethereum/eth/tracers/firehose.go:616.44,617.32 1 0
github.com/ethereum/go-ethereum/eth/tracers/firehose.go:617.32,619.4 1 0
github.com/ethereum/go-ethereum/eth/tracers/firehose.go:621.2,621.41 1 0
github.com/ethereum/go-ethereum/eth/tracers/firehose.go:621.41,622.32 1 0
github.com/ethereum/go-ethereum/eth/tracers/firehose.go:622.32,624.4 1 0
github.com/ethereum/go-ethereum/eth/tracers/firehose.go:626.2,626.43 1 0
github.com/ethereum/go-ethereum/eth/tracers/firehose.go:626.43,627.39 1 0
github.com/ethereum/go-ethereum/eth/tracers/firehose.go:627.39,629.4 1 0
github.com/ethereum/go-ethereum/eth/tracers/firehose.go:633.98,634.35 1 0
github.com/ethereum/go-ethereum/eth/tracers/firehose.go:634.35,635.29 1 0
github.com/ethereum/go-ethereum/eth/tracers/firehose.go:635.29,637.4 1 0
github.com/ethereum/go-ethereum/eth/tracers/firehose.go:638.8,640.3 1 0
github.com/ethereum/go-ethereum/eth/tracers/firehose.go:642.2,642.32 1 0
github.com/ethereum/go-ethereum/eth/tracers/firehose.go:642.32,644.3 1 0
github.com/ethereum/go-ethereum/eth/tracers/firehose.go:645.2,645.44 1 0
github.com/ethereum/go-ethereum/eth/tracers/firehose.go:645.44,647.3 1 0
github.com/ethereum/go-ethereum/eth/tracers/firehose.go:648.2,648.41 1 0
github.com/ethereum/go-ethereum/eth/tracers/firehose.go:648.41,650.3 1 0
github.com/ethereum/go-ethereum/eth/tracers/firehose.go:651.2,651.37 1 0
github.com/ethereum/go-ethereum/eth/tracers/firehose.go:651.37,653.3 1 0
github.com/ethereum/go-ethereum/eth/tracers/firehose.go:654.2,654.39 1 0
github.com/ethereum/go-ethereum/eth/tracers/firehose.go:654.39,656.3 1 0
github.com/ethereum/go-ethereum/eth/tracers/firehose.go:657.2,657.41 1 0
github.com/ethereum/go-ethereum/eth/tracers/firehose.go:657.41,659.3 1 0
github.com/ethereum/go-ethereum/eth/tracers/firehose.go:660.2,660.38 1 0
github.com/ethereum/go-ethereum/eth/tracers/firehose.go:660.38,662.3 1 0
github.com/ethereum/go-ethereum/eth/tracers/firehose.go:664.2,666.24 2 0
github.com/ethereum/go-ethereum/eth/tracers/firehose.go:669.30,670.35 1 0
github.com/ethereum/go-ethereum/eth/tracers/firehose.go:670.35,673.3 2 0
github.com/ethereum/go-ethereum/eth/tracers/firehose.go:676.40,682.2 4 1
github.com/ethereum/go-ethereum/eth/tracers/firehose.go:684.38,691.2 4 1
github.com/ethereum/go-ethereum/eth/tracers/firehose.go:693.98,700.20 5 1
github.com/ethereum/go-ethereum/eth/tracers/firehose.go:700.20,702.3 1 0
github.com/ethereum/go-ethereum/eth/tracers/firehose.go:702.8,704.3 1 1
github.com/ethereum/go-ethereum/eth/tracers/firehose.go:706.2,706.35 1 1
github.com/ethereum/go-ethereum/eth/tracers/firehose.go:706.35,720.74 1 0
github.com/ethereum/go-ethereum/eth/tracers/firehose.go:720.74,722.4 1 0
github.com/ethereum/go-ethereum/eth/tracers/firehose.go:725.2,725.38 1 1
github.com/ethereum/go-ethereum/eth/tracers/firehose.go:731.96,753.19 3 1
github.com/ethereum/go-ethereum/eth/tracers/firehose.go:754.24,757.59 3 1
github.com/ethereum/go-ethereum/eth/tracers/firehose.go:759.27,760.92 1 0
github.com/ethereum/go-ethereum/eth/tracers/firehose.go:763.2,763.21 1 1
github.com/ethereum/go-ethereum/eth/tracers/firehose.go:766.63,775.27 4 1
github.com/ethereum/go-ethereum/eth/tracers/firehose.go:775.27,782.3 1 0
github.com/ethereum/go-ethereum/eth/tracers/firehose.go:782.8,788.3 2 1
github.com/ethereum/go-ethereum/eth/tracers/firehose.go:790.2,790.49 1 1
github.com/ethereum/go-ethereum/eth/tracers/firehose.go:793.88,796.35 2 1
github.com/ethereum/go-ethereum/eth/tracers/firehose.go:796.35,806.3 2 1
github.com/ethereum/go-ethereum/eth/tracers/firehose.go:809.2,809.66 1 1
github.com/ethereum/go-ethereum/eth/tracers/firehose.go:809.66,811.3 1 1
github.com/ethereum/go-ethereum/eth/tracers/firehose.go:813.2,819.36 3 1
github.com/ethereum/go-ethereum/eth/tracers/firehose.go:819.36,821.3 1 0
github.com/ethereum/go-ethereum/eth/tracers/firehose.go:824.2,824.20 1 1
github.com/ethereum/go-ethereum/eth/tracers/firehose.go:824.20,829.3 4 1
github.com/ethereum/go-ethereum/eth/tracers/firehose.go:833.2,833.29 1 1
github.com/ethereum/go-ethereum/eth/tracers/firehose.go:833.29,835.3 1 1
github.com/ethereum/go-ethereum/eth/tracers/firehose.go:838.2,842.35 4 1
github.com/ethereum/go-ethereum/eth/tracers/firehose.go:842.35,847.3 1 0
github.com/ethereum/go-ethereum/eth/tracers/firehose.go:849.2,849.35 1 1
github.com/ethereum/go-ethereum/eth/tracers/firehose.go:849.36,851.3 0 0
github.com/ethereum/go-ethereum/eth/tracers/firehose.go:851.8,853.3 1 1
github.com/ethereum/go-ethereum/eth/tracers/firehose.go:855.2,857.22 2 1
github.com/ethereum/go-ethereum/eth/tracers/firehose.go:860.44,873.43 2 1
github.com/ethereum/go-ethereum/eth/tracers/firehose.go:873.43,875.27 2 1
github.com/ethereum/go-ethereum/eth/tracers/firehose.go:875.27,877.4 1 1
github.com/ethereum/go-ethereum/eth/tracers/firehose.go:879.3,879.84 1 1
github.com/ethereum/go-ethereum/eth/tracers/firehose.go:889.81,891.78 2 1
github.com/ethereum/go-ethereum/eth/tracers/firehose.go:891.78,892.48 1 0
github.com/ethereum/go-ethereum/eth/tracers/firehose.go:892.48,893.136 1 0
github.com/ethereum/go-ethereum/eth/tracers/firehose.go:893.136,896.5 2 0
github.com/ethereum/go-ethereum/eth/tracers/firehose.go:899.3,899.13 1 0
github.com/ethereum/go-ethereum/eth/tracers/firehose.go:902.2,902.59 1 1
github.com/ethereum/go-ethereum/eth/tracers/firehose.go:902.59,903.31 1 0
github.com/ethereum/go-ethereum/eth/tracers/firehose.go:903.31,906.12 2 0
github.com/ethereum/go-ethereum/eth/tracers/firehose.go:909.3,909.57 1 0
github.com/ethereum/go-ethereum/eth/tracers/firehose.go:909.57,912.4 2 0
github.com/ethereum/go-ethereum/eth/tracers/firehose.go:916.62,917.43 1 1
github.com/ethereum/go-ethereum/eth/tracers/firehose.go:917.43,918.25 1 1
github.com/ethereum/go-ethereum/eth/tracers/firehose.go:918.25,919.34 1 1
github.com/ethereum/go-ethereum/eth/tracers/firehose.go:919.34,921.5 1 0
github.com/ethereum/go-ethereum/eth/tracers/firehose.go:926.57,929.15 2 1
github.com/ethereum/go-ethereum/eth/tracers/firehose.go:929.15,931.3 1 1
github.com/ethereum/go-ethereum/eth/tracers/firehose.go:933.2,936.33 3 1
github.com/ethereum/go-ethereum/eth/tracers/firehose.go:936.33,937.25 1 1
github.com/ethereum/go-ethereum/eth/tracers/firehose.go:937.25,938.12 1 1
github.com/ethereum/go-ethereum/eth/tracers/firehose.go:941.3,941.44 1 1
github.com/ethereum/go-ethereum/eth/tracers/firehose.go:944.2,944.54 1 1
github.com/ethereum/go-ethereum/eth/tracers/firehose.go:944.54,946.3 1 1
github.com/ethereum/go-ethereum/eth/tracers/firehose.go:949.2,950.24 2 1
github.com/ethereum/go-ethereum/eth/tracers/firehose.go:950.24,951.25 1 0
github.com/ethereum/go-ethereum/eth/tracers/firehose.go:951.25,954.4 1 0
github.com/ethereum/go-ethereum/eth/tracers/firehose.go:956.3,961.5 1 0
github.com/ethereum/go-ethereum/eth/tracers/firehose.go:962.8,964.3 1 1
github.com/ethereum/go-ethereum/eth/tracers/firehose.go:966.2,966.40 1 1
github.com/ethereum/go-ethereum/eth/tracers/firehose.go:966.40,973.5 1 0
github.com/ethereum/go-ethereum/eth/tracers/firehose.go:976.2,976.37 1 1
github.com/ethereum/go-ethereum/eth/tracers/firehose.go:976.37,987.31 8 1
github.com/ethereum/go-ethereum/eth/tracers/firehose.go:987.31,989.4 1 0
github.com/ethereum/go-ethereum/eth/tracers/firehose.go:991.3,992.40 2 1
github.com/ethereum/go-ethereum/eth/tracers/firehose.go:996.60,997.43 1 0
github.com/ethereum/go-ethereum/eth/tracers/firehose.go:997.43,998.25 1 0
github.com/ethereum/go-ethereum/eth/tracers/firehose.go:998.25,999.34 1 0
github.com/ethereum/go-ethereum/eth/tracers/firehose.go:999.34,1000.29 1 0
github.com/ethereum/go-ethereum/eth/tracers/firehose.go:1000.29,1002.6 1 0
github.com/ethereum/go-ethereum/eth/tracers/firehose.go:1009.135,1013.42 3 1
github.com/ethereum/go-ethereum/eth/tracers/firehose.go:1013.42,1015.3 1 1
github.com/ethereum/go-ethereum/eth/tracers/firehose.go:1015.8,1022.32 1 1
github.com/ethereum/go-ethereum/eth/tracers/firehose.go:1022.32,1034.62 1 1
github.com/ethereum/go-ethereum/eth/tracers/firehose.go:1034.62,1036.5 1 0
github.com/ethereum/go-ethereum/eth/tracers/firehose.go:1038.4,1042.10 3 1
github.com/ethereum/go-ethereum/eth/tracers/firehose.go:1045.3,1046.45 2 1
github.com/ethereum/go-ethereum/eth/tracers/firehose.go:1046.45,1047.189 1 0
github.com/ethereum/go-ethereum/eth/tracers/firehose.go:1051.2,1051.78 1 1
github.com/ethereum/go-ethereum/eth/tracers/firehose.go:1054.52,1058.41 3 0
github.com/ethereum/go-ethereum/eth/tracers/firehose.go:1058.41,1060.3 1 0
github.com/ethereum/go-ethereum/eth/tracers/firehose.go:1072.2,1074.51 3 0
github.com/ethereum/go-ethereum/eth/tracers/firehose.go:1074.51,1075.67 1 0
github.com/ethereum/go-ethereum/eth/tracers/firehose.go:1075.67,1077.4 1 0
github.com/ethereum/go-ethereum/eth/tracers/firehose.go:1077.9,1077.72 1 0
github.com/ethereum/go-ethereum/eth/tracers/firehose.go:1077.72,1079.4 1 0
github.com/ethereum/go-ethereum/eth/tracers/firehose.go:1083.2,1083.58 1 0
github.com/ethereum/go-ethereum/eth/tracers/firehose.go:1083.58,1085.3 1 0
github.com/ethereum/go-ethereum/eth/tracers/firehose.go:1089.2,1089.58 1 0
github.com/ethereum/go-ethereum/eth/tracers/firehose.go:1089.58,1091.3 1 0
github.com/ethereum/go-ethereum/eth/tracers/firehose.go:1093.2,1093.58 1 0
github.com/ethereum/go-ethereum/eth/tracers/firehose.go:1093.58,1096.3 2 0
github.com/ethereum/go-ethereum/eth/tracers/firehose.go:1098.2,1098.58 1 0
github.com/ethereum/go-ethereum/eth/tracers/firehose.go:1098.58,1101.3 2 0
github.com/ethereum/go-ethereum/eth/tracers/firehose.go:1103.2,1103.248 1 0
github.com/ethereum/go-ethereum/eth/tracers/firehose.go:1106.117,1108.33 1 0
github.com/ethereum/go-ethereum/eth/tracers/firehose.go:1108.33,1110.3 1 0
github.com/ethereum/go-ethereum/eth/tracers/firehose.go:1113.2,1124.8 9 0
github.com/ethereum/go-ethereum/eth/tracers/firehose.go:1127.100,1129.51 2 0
github.com/ethereum/go-ethereum/eth/tracers/firehose.go:1129.51,1130.24 1 0
github.com/ethereum/go-ethereum/eth/tracers/firehose.go:1131.52,1132.30 1 0
github.com/ethereum/go-ethereum/eth/tracers/firehose.go:1132.30,1134.13 1 0
github.com/ethereum/go-ethereum/eth/tracers/firehose.go:1138.4,1138.23 1 0
github.com/ethereum/go-ethereum/eth/tracers/firehose.go:1140.50,1143.23 1 0
github.com/ethereum/go-ethereum/eth/tracers/firehose.go:1146.3,1146.46 1 0
github.com/ethereum/go-ethereum/eth/tracers/firehose.go:1150.2,1151.42 2 0
github.com/ethereum/go-ethereum/eth/tracers/firehose.go:1155.99,1157.2 1 1
github.com/ethereum/go-ethereum/eth/tracers/firehose.go:1160.128,1163.57 2 1
github.com/ethereum/go-ethereum/eth/tracers/firehose.go:1163.57,1168.17 3 1
github.com/ethereum/go-ethereum/eth/tracers/firehose.go:1168.17,1170.4 1 0
github.com/ethereum/go-ethereum/eth/tracers/firehose.go:1180.3,1180.15 1 1
github.com/ethereum/go-ethereum/eth/tracers/firehose.go:1180.15,1181.66 1 0
github.com/ethereum/go-ethereum/eth/tracers/firehose.go:1181.66,1183.5 1 0
github.com/ethereum/go-ethereum/eth/tracers/firehose.go:1186.3,1186.17 1 1
github.com/ethereum/go-ethereum/eth/tracers/firehose.go:1191.24,1193.37 2 1
github.com/ethereum/go-ethereum/eth/tracers/firehose.go:1198.72,1202.39 3 0
github.com/ethereum/go-ethereum/eth/tracers/firehose.go:1202.39,1204.3 1 0
github.com/ethereum/go-ethereum/eth/tracers/firehose.go:1206.2,1207.35 2 0
github.com/ethereum/go-ethereum/eth/tracers/firehose.go:1207.35,1214.24 1 0
github.com/ethereum/go-ethereum/eth/tracers/firehose.go:1214.24,1216.4 1 0
github.com/ethereum/go-ethereum/eth/tracers/firehose.go:1219.2,1219.71 1 0
github.com/ethereum/go-ethereum/eth/tracers/firehose.go:1228.92,1229.33 1 0
github.com/ethereum/go-ethereum/eth/tracers/firehose.go:1229.33,1231.3 1 0
github.com/ethereum/go-ethereum/eth/tracers/firehose.go:1233.2,1243.35 7 0
github.com/ethereum/go-ethereum/eth/tracers/firehose.go:1243.35,1250.24 1 0
github.com/ethereum/go-ethereum/eth/tracers/firehose.go:1250.24,1252.4 1 0
github.com/ethereum/go-ethereum/eth/tracers/firehose.go:1255.2,1255.72 1 0
github.com/ethereum/go-ethereum/eth/tracers/firehose.go:1280.119,1283.57 2 0
github.com/ethereum/go-ethereum/eth/tracers/firehose.go:1283.57,1285.3 1 0
github.com/ethereum/go-ethereum/eth/tracers/firehose.go:1288.167,1289.35 1 1
github.com/ethereum/go-ethereum/eth/tracers/firehose.go:1289.35,1292.77 1 0
github.com/ethereum/go-ethereum/eth/tracers/firehose.go:1292.77,1294.4 1 0
github.com/ethereum/go-ethereum/eth/tracers/firehose.go:1295.8,1297.3 1 1
github.com/ethereum/go-ethereum/eth/tracers/firehose.go:1300.152,1304.35 3 1
github.com/ethereum/go-ethereum/eth/tracers/firehose.go:1304.35,1308.40 1 0
github.com/ethereum/go-ethereum/eth/tracers/firehose.go:1308.40,1310.4 1 0
github.com/ethereum/go-ethereum/eth/tracers/firehose.go:1313.2,1324.104 2 1
github.com/ethereum/go-ethereum/eth/tracers/firehose.go:1324.104,1328.21 3 0
github.com/ethereum/go-ethereum/eth/tracers/firehose.go:1328.21,1329.53 1 0
github.com/ethereum/go-ethereum/eth/tracers/firehose.go:1329.53,1332.5 2 0
github.com/ethereum/go-ethereum/eth/tracers/firehose.go:1336.2,1336.35 1 1
github.com/ethereum/go-ethereum/eth/tracers/firehose.go:1336.35,1345.26 3 0
github.com/ethereum/go-ethereum/eth/tracers/firehose.go:1345.26,1347.4 1 0
github.com/ethereum/go-ethereum/eth/tracers/firehose.go:1348.8,1350.3 1 1
github.com/ethereum/go-ethereum/eth/tracers/firehose.go:1352.2,1352.84 1 1
github.com/ethereum/go-ethereum/eth/tracers/firehose.go:1352.84,1353.13 1 0
github.com/ethereum/go-ethereum/eth/tracers/firehose.go:1356.2,1356.35 1 1
github.com/ethereum/go-ethereum/eth/tracers/firehose.go:1356.35,1361.42 1 0
github.com/ethereum/go-ethereum/eth/tracers/firehose.go:1361.42,1363.4 1 0
github.com/ethereum/go-ethereum/eth/tracers/firehose.go:1366.2,1366.24 1 1
github.com/ethereum/go-ethereum/eth/tracers/firehose.go:1390.83,1393.56 2 0
github.com/ethereum/go-ethereum/eth/tracers/firehose.go:1393.56,1396.59 1 0
github.com/ethereum/go-ethereum/eth/tracers/firehose.go:1396.59,1399.4 2 0
github.com/ethereum/go-ethereum/eth/tracers/firehose.go:1402.2,1402.16 1 0
github.com/ethereum/go-ethereum/eth/tracers/firehose.go:1402.16,1405.3 2 0
github.com/ethereum/go-ethereum/eth/tracers/firehose.go:1407.2,1407.42 1 0
github.com/ethereum/go-ethereum/eth/tracers/firehose.go:1407.42,1411.3 2 0
github.com/ethereum/go-ethereum/eth/tracers/firehose.go:1413.2,1414.70 2 0
github.com/ethereum/go-ethereum/eth/tracers/firehose.go:1417.100,1420.31 2 1
github.com/ethereum/go-ethereum/eth/tracers/firehose.go:1420.31,1421.24 1 1
github.com/ethereum/go-ethereum/eth/tracers/firehose.go:1421.24,1422.148 1 0
github.com/ethereum/go-ethereum/eth/tracers/firehose.go:1427.3,1428.9 2 1
github.com/ethereum/go-ethereum/eth/tracers/firehose.go:1431.2,1437.44 4 1
github.com/ethereum/go-ethereum/eth/tracers/firehose.go:1437.44,1439.3 1 1
github.com/ethereum/go-ethereum/eth/tracers/firehose.go:1441.2,1441.14 1 1
github.com/ethereum/go-ethereum/eth/tracers/firehose.go:1441.14,1443.17 2 1
github.com/ethereum/go-ethereum/eth/tracers/firehose.go:1443.17,1445.4 1 1
github.com/ethereum/go-ethereum/eth/tracers/firehose.go:1447.3,1454.36 4 1
github.com/ethereum/go-ethereum/eth/tracers/firehose.go:1454.36,1456.104 1 0
github.com/ethereum/go-ethereum/eth/tracers/firehose.go:1456.104,1458.5 1 0
github.com/ethereum/go-ethereum/eth/tracers/firehose.go:1462.2,1462.35 1 1
github.com/ethereum/go-ethereum/eth/tracers/firehose.go:1462.35,1465.26 1 0
github.com/ethereum/go-ethereum/eth/tracers/firehose.go:1465.26,1467.4 1 0
github.com/ethereum/go-ethereum/eth/tracers/firehose.go:1468.8,1470.3 1 1
github.com/ethereum/go-ethereum/eth/tracers/firehose.go:1472.2,1472.57 1 1
github.com/ethereum/go-ethereum/eth/tracers/firehose.go:1475.42,1476.16 1 1
github.com/ethereum/go-ethereum/eth/tracers/firehose.go:1476.16,1478.3 1 1
github.com/ethereum/go-ethereum/eth/tracers/firehose.go:1480.2,1480.16 1 1
github.com/ethereum/go-ethereum/eth/tracers/firehose.go:1483.77,1485.33 2 0
github.com/ethereum/go-ethereum/eth/tracers/firehose.go:1485.33,1488.3 2 0
github.com/ethereum/go-ethereum/eth/tracers/firehose.go:1490.2,1499.41 6 0
github.com/ethereum/go-ethereum/eth/tracers/firehose.go:1499.41,1502.36 2 0
github.com/ethereum/go-ethereum/eth/tracers/firehose.go:1502.36,1504.4 1 0
github.com/ethereum/go-ethereum/eth/tracers/firehose.go:1506.3,1506.60 1 0
github.com/ethereum/go-ethereum/eth/tracers/firehose.go:1506.60,1509.4 2 0
github.com/ethereum/go-ethereum/eth/tracers/firehose.go:1511.3,1511.28 1 0
github.com/ethereum/go-ethereum/eth/tracers/firehose.go:1511.28,1513.4 1 0
github.com/ethereum/go-ethereum/eth/tracers/firehose.go:1515.3,1515.24 1 0
github.com/ethereum/go-ethereum/eth/tracers/firehose.go:1515.24,1517.4 1 0
github.com/ethereum/go-ethereum/eth/tracers/firehose.go:1519.3,1519.51 1 0
github.com/ethereum/go-ethereum/eth/tracers/firehose.go:1519.51,1521.4 1 0
github.com/ethereum/go-ethereum/eth/tracers/firehose.go:1524.2,1529.19 3 0
github.com/ethereum/go-ethereum/eth/tracers/firehose.go:1537.54,1539.41 2 0
github.com/ethereum/go-ethereum/eth/tracers/firehose.go:1539.41,1541.3 1 0
github.com/ethereum/go-ethereum/eth/tracers/firehose.go:1543.2,1543.13 1 0
github.com/ethereum/go-ethereum/eth/tracers/firehose.go:1546.110,1547.48 1 1
github.com/ethereum/go-ethereum/eth/tracers/firehose.go:1547.48,1550.3 1 0
github.com/ethereum/go-ethereum/eth/tracers/firehose.go:1552.2,1552.35 1 1
github.com/ethereum/go-ethereum/eth/tracers/firehose.go:1552.35,1556.56 1 0
github.com/ethereum/go-ethereum/eth/tracers/firehose.go:1556.56,1558.4 1 0
github.com/ethereum/go-ethereum/eth/tracers/firehose.go:1561.2,1565.26 3 1
github.com/ethereum/go-ethereum/eth/tracers/firehose.go:1565.26,1569.24 2 1
github.com/ethereum/go-ethereum/eth/tracers/firehose.go:1569.24,1572.4 2 1
github.com/ethereum/go-ethereum/eth/tracers/firehose.go:1574.3,1574.72 1 1
github.com/ethereum/go-ethereum/eth/tracers/firehose.go:1575.8,1577.3 1 1
github.com/ethereum/go-ethereum/eth/tracers/firehose.go:1580.158,1583.50 2 1
github.com/ethereum/go-ethereum/eth/tracers/firehose.go:1583.50,1584.73 1 0
github.com/ethereum/go-ethereum/eth/tracers/firehose.go:1587.2,1593.3 1 1
github.com/ethereum/go-ethereum/eth/tracers/firehose.go:1596.70,1608.23 4 1
github.com/ethereum/go-ethereum/eth/tracers/firehose.go:1608.23,1611.3 2 1
github.com/ethereum/go-ethereum/eth/tracers/firehose.go:1613.2,1613.67 1 1
github.com/ethereum/go-ethereum/eth/tracers/firehose.go:1616.125,1621.26 3 1
github.com/ethereum/go-ethereum/eth/tracers/firehose.go:1621.26,1628.24 2 1
github.com/ethereum/go-ethereum/eth/tracers/firehose.go:1628.24,1631.4 2 1
github.com/ethereum/go-ethereum/eth/tracers/firehose.go:1647.3,1647.60 1 1
github.com/ethereum/go-ethereum/eth/tracers/firehose.go:1647.60,1650.4 2 0
github.com/ethereum/go-ethereum/eth/tracers/firehose.go:1652.3,1652.114 1 1
github.com/ethereum/go-ethereum/eth/tracers/firehose.go:1653.8,1655.3 1 1
github.com/ethereum/go-ethereum/eth/tracers/firehose.go:1658.147,1667.2 1 1
github.com/ethereum/go-ethereum/eth/tracers/firehose.go:1669.80,1682.2 4 1
github.com/ethereum/go-ethereum/eth/tracers/firehose.go:1684.40,1688.33 3 1
github.com/ethereum/go-ethereum/eth/tracers/firehose.go:1688.33,1690.3 1 1
github.com/ethereum/go-ethereum/eth/tracers/firehose.go:1692.2,1704.25 4 1
github.com/ethereum/go-ethereum/eth/tracers/firehose.go:1707.51,1710.36 1 0
github.com/ethereum/go-ethereum/eth/tracers/firehose.go:1710.36,1712.3 1 0
github.com/ethereum/go-ethereum/eth/tracers/firehose.go:1714.2,1715.26 2 0
github.com/ethereum/go-ethereum/eth/tracers/firehose.go:1715.26,1726.3 2 0
github.com/ethereum/go-ethereum/eth/tracers/firehose.go:1728.2,1728.145 1 0
github.com/ethereum/go-ethereum/eth/tracers/firehose.go:1728.145,1731.3 1 0
github.com/ethereum/go-ethereum/eth/tracers/firehose.go:1733.2,1733.31 1 0
github.com/ethereum/go-ethereum/eth/tracers/firehose.go:1733.31,1744.85 1 0
github.com/ethereum/go-ethereum/eth/tracers/firehose.go:1744.85,1746.4 1 0
github.com/ethereum/go-ethereum/eth/tracers/firehose.go:1749.2,1755.23 3 0
github.com/ethereum/go-ethereum/eth/tracers/firehose.go:1755.23,1758.3 2 0
github.com/ethereum/go-ethereum/eth/tracers/firehose.go:1760.2,1760.84 1 0
github.com/ethereum/go-ethereum/eth/tracers/firehose.go:1763.81,1766.16 2 1
github.com/ethereum/go-ethereum/eth/tracers/firehose.go:1766.16,1768.3 1 1
github.com/ethereum/go-ethereum/eth/tracers/firehose.go:1770.2,1770.81 1 1
github.com/ethereum/go-ethereum/eth/tracers/firehose.go:1770.81,1774.3 1 0
github.com/ethereum/go-ethereum/eth/tracers/firehose.go:1776.2,1776.35 1 1
github.com/ethereum/go-ethereum/eth/tracers/firehose.go:1776.35,1785.52 1 0
github.com/ethereum/go-ethereum/eth/tracers/firehose.go:1785.52,1787.4 1 0
github.com/ethereum/go-ethereum/eth/tracers/firehose.go:1790.2,1794.23 3 1
github.com/ethereum/go-ethereum/eth/tracers/firehose.go:1794.23,1797.3 2 1
github.com/ethereum/go-ethereum/eth/tracers/firehose.go:1799.2,1799.63 1 1
github.com/ethereum/go-ethereum/eth/tracers/firehose.go:1802.120,1806.46 2 1
github.com/ethereum/go-ethereum/eth/tracers/firehose.go:1806.46,1807.69 1 0
github.com/ethereum/go-ethereum/eth/tracers/firehose.go:1810.2,1815.3 1 1
github.com/ethereum/go-ethereum/eth/tracers/firehose.go:1818.43,1819.26 1 1
github.com/ethereum/go-ethereum/eth/tracers/firehose.go:1819.26,1821.3 1 0
github.com/ethereum/go-ethereum/eth/tracers/firehose.go:1824.50,1825.20 1 1
github.com/ethereum/go-ethereum/eth/tracers/firehose.go:1825.20,1827.3 1 0
github.com/ethereum/go-ethereum/eth/tracers/firehose.go:1829.2,1829.26 1 1
github.com/ethereum/go-ethereum/eth/tracers/firehose.go:1829.26,1831.3 1 0
github.com/ethereum/go-ethereum/eth/tracers/firehose.go:1834.53,1835.20 1 0
github.com/ethereum/go-ethereum/eth/tracers/firehose.go:1835.20,1837.3 1 0
github.com/ethereum/go-ethereum/eth/tracers/firehose.go:1844.44,1847.26 2 1
github.com/ethereum/go-ethereum/eth/tracers/firehose.go:1847.26,1849.3 1 0
github.com/ethereum/go-ethereum/eth/tracers/firehose.go:1852.47,1855.26 2 1
github.com/ethereum/go-ethereum/eth/tracers/firehose.go:1855.26,1857.3 1 0
github.com/ethereum/go-ethereum/eth/tracers/firehose.go:1860.59,1863.26 2 1
github.com/ethereum/go-ethereum/eth/tracers/firehose.go:1863.26,1865.3 1 0
github.com/ethereum/go-ethereum/eth/tracers/firehose.go:1867.2,1867.33 1 1
github.com/ethereum/go-ethereum/eth/tracers/firehose.go:1867.33,1869.3 1 0
github.com/ethereum/go-ethereum/eth/tracers/firehose.go:1872.41,1873.44 1 1
github.com/ethereum/go-ethereum/eth/tracers/firehose.go:1873.44,1875.3 1 0
github.com/ethereum/go-ethereum/eth/tracers/firehose.go:1878.53,1879.44 1 1
github.com/ethereum/go-ethereum/eth/tracers/firehose.go:1879.44,1881.3 1 0
github.com/ethereum/go-ethereum/eth/tracers/firehose.go:1883.2,1883.34 1 1
github.com/ethereum/go-ethereum/eth/tracers/firehose.go:1883.34,1885.3 1 0
github.com/ethereum/go-ethereum/eth/tracers/firehose.go:1888.35,1889.20 1 1
github.com/ethereum/go-ethereum/eth/tracers/firehose.go:1889.20,1891.3 1 0
github.com/ethereum/go-ethereum/eth/tracers/firehose.go:1894.41,1895.21 1 1
github.com/ethereum/go-ethereum/eth/tracers/firehose.go:1895.21,1897.3 1 0
github.com/ethereum/go-ethereum/eth/tracers/firehose.go:1900.60,1904.2 2 0
github.com/ethereum/go-ethereum/eth/tracers/firehose.go:1906.72,1907.26 1 0
github.com/ethereum/go-ethereum/eth/tracers/firehose.go:1907.26,1909.3 1 0
github.com/ethereum/go-ethereum/eth/tracers/firehose.go:1910.2,1910.35 1 0
github.com/ethereum/go-ethereum/eth/tracers/firehose.go:1910.35,1911.38 1 0
github.com/ethereum/go-ethereum/eth/tracers/firehose.go:1911.38,1913.4 1 0
github.com/ethereum/go-ethereum/eth/tracers/firehose.go:1916.2,1916.14 1 0
github.com/ethereum/go-ethereum/eth/tracers/firehose.go:1919.73,1921.57 2 0
github.com/ethereum/go-ethereum/eth/tracers/firehose.go:1921.57,1923.3 1 0
github.com/ethereum/go-ethereum/eth/tracers/firehose.go:1925.2,1925.20 1 0
github.com/ethereum/go-ethereum/eth/tracers/firehose.go:1925.20,1927.3 1 0
github.com/ethereum/go-ethereum/eth/tracers/firehose.go:1929.2,1929.26 1 0
github.com/ethereum/go-ethereum/eth/tracers/firehose.go:1929.26,1931.3 1 0
github.com/ethereum/go-ethereum/eth/tracers/firehose.go:1933.2,1933.189 1 0
github.com/ethereum/go-ethereum/eth/tracers/firehose.go:1937.93,1946.16 6 1
github.com/ethereum/go-ethereum/eth/tracers/firehose.go:1946.16,1947.56 1 0
github.com/ethereum/go-ethereum/eth/tracers/firehose.go:1950.2,1952.22 3 1
github.com/ethereum/go-ethereum/eth/tracers/firehose.go:1952.22,1954.3 1 1
github.com/ethereum/go-ethereum/eth/tracers/firehose.go:1956.2,1957.30 2 1
github.com/ethereum/go-ethereum/eth/tracers/firehose.go:1957.30,1960.26 1 1
github.com/ethereum/go-ethereum/eth/tracers/firehose.go:1960.26,1962.4 1 0
github.com/ethereum/go-ethereum/eth/tracers/firehose.go:1962.9,1964.4 1 1
github.com/ethereum/go-ethereum/eth/tracers/firehose.go:1968.2,1971.52 3 1
github.com/ethereum/go-ethereum/eth/tracers/firehose.go:1971.52,1972.78 1 0
github.com/ethereum/go-ethereum/eth/tracers/firehose.go:1975.2,1975.40 1 1
github.com/ethereum/go-ethereum/eth/tracers/firehose.go:1975.40,1976.77 1 0
github.com/ethereum/go-ethereum/eth/tracers/firehose.go:1979.2,1981.35 2 1
github.com/ethereum/go-ethereum/eth/tracers/firehose.go:1981.35,1986.3 1 0
github.com/ethereum/go-ethereum/eth/tracers/firehose.go:1986.8,1988.3 1 1
github.com/ethereum/go-ethereum/eth/tracers/firehose.go:1996.53,1998.2 1 1
github.com/ethereum/go-ethereum/eth/tracers/firehose.go:2006.47,2008.28 2 1
github.com/ethereum/go-ethereum/eth/tracers/firehose.go:2008.28,2010.3 1 1
github.com/ethereum/go-ethereum/eth/tracers/firehose.go:2012.2,2015.29 4 1
github.com/ethereum/go-ethereum/eth/tracers/firehose.go:2015.29,2018.25 2 1
github.com/ethereum/go-ethereum/eth/tracers/firehose.go:2018.25,2020.4 1 1
github.com/ethereum/go-ethereum/eth/tracers/firehose.go:2022.3,2023.19 2 0
github.com/ethereum/go-ethereum/eth/tracers/firehose.go:2023.19,2024.9 1 0
github.com/ethereum/go-ethereum/eth/tracers/firehose.go:2028.2,2030.28 3 0
github.com/ethereum/go-ethereum/eth/tracers/firehose.go:2037.58,2039.2 1 1
github.com/ethereum/go-ethereum/eth/tracers/firehose.go:2042.90,2044.44 2 1
github.com/ethereum/go-ethereum/eth/tracers/firehose.go:2044.44,2046.3 1 0
github.com/ethereum/go-ethereum/eth/tracers/firehose.go:2048.2,2049.45 2 1
github.com/ethereum/go-ethereum/eth/tracers/firehose.go:2049.45,2051.3 1 0
github.com/ethereum/go-ethereum/eth/tracers/firehose.go:2053.2,2054.41 2 1
github.com/ethereum/go-ethereum/eth/tracers/firehose.go:2054.41,2056.3 1 0
github.com/ethereum/go-ethereum/eth/tracers/firehose.go:2058.2,2089.30 2 1
github.com/ethereum/go-ethereum/eth/tracers/firehose.go:2089.30,2091.3 1 1
github.com/ethereum/go-ethereum/eth/tracers/firehose.go:2093.2,2093.15 1 1
github.com/ethereum/go-ethereum/eth/tracers/firehose.go:2097.79,2098.16 1 1
github.com/ethereum/go-ethereum/eth/tracers/firehose.go:2099.30,2100.53 1 1
github.com/ethereum/go-ethereum/eth/tracers/firehose.go:2101.30,2102.53 1 1
github.com/ethereum/go-ethereum/eth/tracers/firehose.go:2103.26,2104.48 1 1
github.com/ethereum/go-ethereum/eth/tracers/firehose.go:2105.24,2106.46 1 1
github.com/ethereum/go-ethereum/eth/tracers/firehose.go:2107.27,2108.50 1 0
github.com/ethereum/go-ethereum/eth/tracers/firehose.go:2109.10,2110.59 1 0
github.com/ethereum/go-ethereum/eth/tracers/firehose.go:2114.88,2115.18 1 1
github.com/ethereum/go-ethereum/eth/tracers/firehose.go:2116.37,2117.48 1 1
github.com/ethereum/go-ethereum/eth/tracers/firehose.go:2118.33,2119.45 1 1
github.com/ethereum/go-ethereum/eth/tracers/firehose.go:2120.10,2121.63 1 0
github.com/ethereum/go-ethereum/eth/tracers/firehose.go:2125.47,2126.12 1 1
github.com/ethereum/go-ethereum/eth/tracers/firehose.go:2126.12,2128.3 1 1
github.com/ethereum/go-ethereum/eth/tracers/firehose.go:2130.2,2130.28 1 1
github.com/ethereum/go-ethereum/eth/tracers/firehose.go:2133.55,2134.13 1 1
github.com/ethereum/go-ethereum/eth/tracers/firehose.go:2135.15,2136.29 1 1
github.com/ethereum/go-ethereum/eth/tracers/firehose.go:2137.21,2138.31 1 1
github.com/ethereum/go-ethereum/eth/tracers/firehose.go:2139.23,2140.33 1 1
github.com/ethereum/go-ethereum/eth/tracers/firehose.go:2141.29,2142.31 1 1
github.com/ethereum/go-ethereum/eth/tracers/firehose.go:2143.19,2144.33 1 1
github.com/ethereum/go-ethereum/eth/tracers/firehose.go:2147.2,2147.35 1 0
github.com/ethereum/go-ethereum/eth/tracers/firehose.go:2150.120,2157.52 2 1
github.com/ethereum/go-ethereum/eth/tracers/firehose.go:2157.52,2160.3 2 1
github.com/ethereum/go-ethereum/eth/tracers/firehose.go:2162.2,2162.27 1 1
github.com/ethereum/go-ethereum/eth/tracers/firehose.go:2162.27,2164.36 2 1
github.com/ethereum/go-ethereum/eth/tracers/firehose.go:2164.36,2167.29 1 1
github.com/ethereum/go-ethereum/eth/tracers/firehose.go:2167.29,2168.30 1 1
github.com/ethereum/go-ethereum/eth/tracers/firehose.go:2168.30,2170.7 1 1
github.com/ethereum/go-ethereum/eth/tracers/firehose.go:2172.6,2173.39 2 1
github.com/ethereum/go-ethereum/eth/tracers/firehose.go:2173.39,2175.7 1 1
github.com/ethereum/go-ethereum/eth/tracers/firehose.go:2176.6,2176.16 1 1
github.com/ethereum/go-ethereum/eth/tracers/firehose.go:2188.2,2188.12 1 1
github.com/ethereum/go-ethereum/eth/tracers/firehose.go:2191.85,2192.26 1 1
github.com/ethereum/go-ethereum/eth/tracers/firehose.go:2192.26,2194.3 1 1
github.com/ethereum/go-ethereum/eth/tracers/firehose.go:2196.2,2197.35 2 1
github.com/ethereum/go-ethereum/eth/tracers/firehose.go:2197.35,2200.33 1 1
github.com/ethereum/go-ethereum/eth/tracers/firehose.go:2200.33,2202.43 2 1
github.com/ethereum/go-ethereum/eth/tracers/firehose.go:2202.43,2204.6 1 1
github.com/ethereum/go-ethereum/eth/tracers/firehose.go:2205.5,2205.15 1 1
github.com/ethereum/go-ethereum/eth/tracers/firehose.go:2210.2,2210.8 1 1
github.com/ethereum/go-ethereum/eth/tracers/firehose.go:2213.70,2214.26 1 1
github.com/ethereum/go-ethereum/eth/tracers/firehose.go:2214.26,2216.3 1 0
github.com/ethereum/go-ethereum/eth/tracers/firehose.go:2218.2,2219.38 2 1
github.com/ethereum/go-ethereum/eth/tracers/firehose.go:2219.38,2221.3 1 1
github.com/ethereum/go-ethereum/eth/tracers/firehose.go:2223.2,2223.8 1 1
github.com/ethereum/go-ethereum/eth/tracers/firehose.go:2226.121,2227.30 1 0
github.com/ethereum/go-ethereum/eth/tracers/firehose.go:2227.30,2229.3 1 0
github.com/ethereum/go-ethereum/eth/tracers/firehose.go:2231.2,2232.47 2 0
github.com/ethereum/go-ethereum/eth/tracers/firehose.go:2232.47,2243.17 3 0
github.com/ethereum/go-ethereum/eth/tracers/firehose.go:2243.17,2248.4 2 0
github.com/ethereum/go-ethereum/eth/tracers/firehose.go:2248.9,2250.4 1 0
github.com/ethereum/go-ethereum/eth/tracers/firehose.go:2252.3,2252.27 1 0
github.com/ethereum/go-ethereum/eth/tracers/firehose.go:2255.2,2255.8 1 0
github.com/ethereum/go-ethereum/eth/tracers/firehose.go:2277.98,2278.50 1 1
github.com/ethereum/go-ethereum/eth/tracers/firehose.go:2278.50,2280.3 1 1
github.com/ethereum/go-ethereum/eth/tracers/firehose.go:2282.2,2282.149 1 0
github.com/ethereum/go-ethereum/eth/tracers/firehose.go:2309.86,2310.46 1 1
github.com/ethereum/go-ethereum/eth/tracers/firehose.go:2310.46,2311.42 1 1
github.com/ethereum/go-ethereum/eth/tracers/firehose.go:2311.42,2312.106 1 0
github.com/ethereum/go-ethereum/eth/tracers/firehose.go:2315.3,2315.11 1 1
github.com/ethereum/go-ethereum/eth/tracers/firehose.go:2318.2,2318.138 1 0
github.com/ethereum/go-ethereum/eth/tracers/firehose.go:2321.56,2322.19 1 1
github.com/ethereum/go-ethereum/eth/tracers/firehose.go:2323.50,2324.13 1 1
github.com/ethereum/go-ethereum/eth/tracers/firehose.go:2326.69,2327.50 1 1
github.com/ethereum/go-ethereum/eth/tracers/firehose.go:2330.2,2330.63 1 0
github.com/ethereum/go-ethereum/eth/tracers/firehose.go:2333.64,2334.19 1 1
github.com/ethereum/go-ethereum/eth/tracers/firehose.go:2335.50,2336.13 1 1
github.com/ethereum/go-ethereum/eth/tracers/firehose.go:2338.69,2339.50 1 1
github.com/ethereum/go-ethereum/eth/tracers/firehose.go:2341.2,2341.71 1 0
github.com/ethereum/go-ethereum/eth/tracers/firehose.go:2344.70,2345.19 1 1
github.com/ethereum/go-ethereum/eth/tracers/firehose.go:2346.50,2347.49 1 1
github.com/ethereum/go-ethereum/eth/tracers/firehose.go:2350.69,2351.21 1 1
github.com/ethereum/go-ethereum/eth/tracers/firehose.go:2351.21,2353.4 1 1
github.com/ethereum/go-ethereum/eth/tracers/firehose.go:2355.3,2355.101 1 0
github.com/ethereum/go-ethereum/eth/tracers/firehose.go:2358.2,2358.59 1 0
github.com/ethereum/go-ethereum/eth/tracers/firehose.go:2361.37,2362.18 1 0
github.com/ethereum/go-ethereum/eth/tracers/firehose.go:2362.18,2364.3 1 0
github.com/ethereum/go-ethereum/eth/tracers/firehose.go:2365.2,2365.10 1 0
github.com/ethereum/go-ethereum/eth/tracers/firehose.go:2368.53,2370.2 1 0
github.com/ethereum/go-ethereum/eth/tracers/firehose.go:2372.52,2373.27 1 1
github.com/ethereum/go-ethereum/eth/tracers/firehose.go:2373.27,2375.3 1 0
github.com/ethereum/go-ethereum/eth/tracers/firehose.go:2378.53,2379.28 1 1
github.com/ethereum/go-ethereum/eth/tracers/firehose.go:2379.28,2381.3 1 0
github.com/ethereum/go-ethereum/eth/tracers/firehose.go:2384.53,2385.28 1 1
github.com/ethereum/go-ethereum/eth/tracers/firehose.go:2385.28,2387.3 1 0
github.com/ethereum/go-ethereum/eth/tracers/firehose.go:2390.57,2391.32 1 1
github.com/ethereum/go-ethereum/eth/tracers/firehose.go:2391.32,2393.3 1 0
github.com/ethereum/go-ethereum/eth/tracers/firehose.go:2399.32,2400.28 1 0
github.com/ethereum/go-ethereum/eth/tracers/firehose.go:2400.28,2405.3 2 0
github.com/ethereum/go-ethereum/eth/tracers/firehose.go:2408.65,2410.2 1 0
github.com/ethereum/go-ethereum/eth/tracers/firehose.go:2417.27,2419.2 1 1
github.com/ethereum/go-ethereum/eth/tracers/firehose.go:2423.39,2427.2 2 1
github.com/ethereum/go-ethereum/eth/tracers/firehose.go:2435.32,2437.2 1 1
github.com/ethereum/go-ethereum/eth/tracers/firehose.go:2439.29,2443.2 3 1
github.com/ethereum/go-ethereum/eth/tracers/firehose.go:2445.42,2447.2 1 1
github.com/ethereum/go-ethereum/eth/tracers/firehose.go:2452.44,2460.39 5 1
github.com/ethereum/go-ethereum/eth/tracers/firehose.go:2460.39,2462.3 1 1
github.com/ethereum/go-ethereum/eth/tracers/firehose.go:2464.2,2464.33 1 1
github.com/ethereum/go-ethereum/eth/tracers/firehose.go:2467.42,2468.23 1 1
github.com/ethereum/go-ethereum/eth/tracers/firehose.go:2468.23,2470.3 1 0
github.com/ethereum/go-ethereum/eth/tracers/firehose.go:2472.2,2472.38 1 1
github.com/ethereum/go-ethereum/eth/tracers/firehose.go:2475.40,2477.2 1 1
github.com/ethereum/go-ethereum/eth/tracers/firehose.go:2479.45,2480.23 1 1
github.com/ethereum/go-ethereum/eth/tracers/firehose.go:2480.23,2481.49 1 0
github.com/ethereum/go-ethereum/eth/tracers/firehose.go:2484.2,2488.8 4 1
github.com/ethereum/go-ethereum/eth/tracers/firehose.go:2493.40,2494.23 1 1
github.com/ethereum/go-ethereum/eth/tracers/firehose.go:2494.23,2496.3 1 1
github.com/ethereum/go-ethereum/eth/tracers/firehose.go:2498.2,2498.32 1 1
github.com/ethereum/go-ethereum/eth/tracers/firehose.go:2512.48,2514.2 1 1
github.com/ethereum/go-ethereum/eth/tracers/firehose.go:2516.94,2517.17 1 1
github.com/ethereum/go-ethereum/eth/tracers/firehose.go:2517.17,2519.3 1 1
github.com/ethereum/go-ethereum/eth/tracers/firehose.go:2521.2,2521.22 1 1
github.com/ethereum/go-ethereum/eth/tracers/firehose.go:2521.22,2523.3 1 0
github.com/ethereum/go-ethereum/eth/tracers/firehose.go:2526.2,2534.12 7 1
github.com/ethereum/go-ethereum/eth/tracers/firehose.go:2537.44,2539.2 1 1
github.com/ethereum/go-ethereum/eth/tracers/firehose.go:2541.37,2547.2 5 1
github.com/ethereum/go-ethereum/eth/tracers/firehose.go:2550.38,2552.2 1 1
github.com/ethereum/go-ethereum/eth/tracers/firehose.go:2558.37,2559.18 1 0
github.com/ethereum/go-ethereum/eth/tracers/firehose.go:2559.18,2561.3 1 0
github.com/ethereum/go-ethereum/eth/tracers/firehose.go:2563.2,2563.34 1 0
github.com/ethereum/go-ethereum/eth/tracers/firehose.go:2567.76,2569.2 1 1
github.com/ethereum/go-ethereum/eth/tracers/firehose.go:2572.71,2574.2 1 1
github.com/ethereum/go-ethereum/eth/tracers/firehose.go:2582.38,2583.34 1 0
github.com/ethereum/go-ethereum/eth/tracers/firehose.go:2583.34,2585.3 1 0
github.com/ethereum/go-ethereum/eth/tracers/firehose.go:2587.2,2588.17 2 0
github.com/ethereum/go-ethereum/eth/tracers/firehose.go:2588.17,2590.3 1 0
github.com/ethereum/go-ethereum/eth/tracers/firehose.go:2592.2,2592.62 1 0
github.com/ethereum/go-ethereum/eth/tracers/firehose.go:2596.64,2598.2 1 1
github.com/ethereum/go-ethereum/eth/tracers/firehose.go:2602.45,2603.14 1 0
github.com/ethereum/go-ethereum/eth/tracers/firehose.go:2603.14,2605.3 1 0
github.com/ethereum/go-ethereum/eth/tracers/firehose.go:2607.2,2607.45 1 0
github.com/ethereum/go-ethereum/eth/tracers/firehose.go:2610.50,2614.2 2 0
github.com/ethereum/go-ethereum/eth/tracers/firehose.go:2618.36,2619.17 1 0
github.com/ethereum/go-ethereum/eth/tracers/firehose.go:2619.17,2621.3 1 0
github.com/ethereum/go-ethereum/eth/tracers/firehose.go:2623.2,2623.16 1 0
github.com/ethereum/go-ethereum/eth/tracers/firehose.go:2623.16,2625.3 1 0
github.com/ethereum/go-ethereum/eth/tracers/firehose.go:2627.2,2630.23 3 0
github.com/ethereum/go-ethereum/eth/tracers/firehose.go:2630.23,2632.3 1 0
github.com/ethereum/go-ethereum/eth/tracers/firehose.go:2636.2,2636.43 1 0
github.com/ethereum/go-ethereum/eth/tracers/firehose.go:2641.37,2642.17 1 0
github.com/ethereum/go-ethereum/eth/tracers/firehose.go:2642.17,2644.3 1 0
github.com/ethereum/go-ethereum/eth/tracers/firehose.go:2646.2,2646.40 1 0
github.com/ethereum/go-ethereum/eth/tracers/firehose.go:2650.56,2652.2 1 1
github.com/ethereum/go-ethereum/eth/tracers/firehose.go:2656.40,2657.14 1 0
github.com/ethereum/go-ethereum/eth/tracers/firehose.go:2657.14,2659.3 1 0
github.com/ethereum/go-ethereum/eth/tracers/firehose.go:2661.2,2662.18 2 0
github.com/ethereum/go-ethereum/eth/tracers/firehose.go:2663.37,2664.21 1 0
github.com/ethereum/go-ethereum/eth/tracers/firehose.go:2665.33,2666.20 1 0
github.com/ethereum/go-ethereum/eth/tracers/firehose.go:2669.2,2669.88 1 0
github.com/ethereum/go-ethereum/eth/tracers/firehose.go:2672.40,2673.18 1 1
github.com/ethereum/go-ethereum/eth/tracers/firehose.go:2673.18,2675.3 1 1
github.com/ethereum/go-ethereum/eth/tracers/firehose.go:2677.2,2677.11 1 0
github.com/ethereum/go-ethereum/eth/tracers/firehose.go:2680.51,2681.21 1 1
github.com/ethereum/go-ethereum/eth/tracers/firehose.go:2681.21,2683.3 1 1
github.com/ethereum/go-ethereum/eth/tracers/firehose.go:2685.2,2685.21 1 0
github.com/ethereum/go-ethereum/eth/tracers/firehose.go:2685.21,2692.3 4 0
github.com/ethereum/go-ethereum/eth/tracers/firehose.go:2694.2,2694.20 1 0
github.com/ethereum/go-ethereum/eth/tracers/firehose.go:2697.58,2698.33 1 1
github.com/ethereum/go-ethereum/eth/tracers/firehose.go:2698.33,2700.3 1 1
github.com/ethereum/go-ethereum/eth/tracers/firehose.go:2702.2,2702.41 1 1
github.com/ethereum/go-ethereum/eth/tracers/firehose.go:2710.73,2713.2 2 0
github.com/ethereum/go-ethereum/eth/tracers/firehose.go:2715.71,2716.24 1 1
github.com/ethereum/go-ethereum/eth/tracers/firehose.go:2716.24,2719.3 2 1
github.com/ethereum/go-ethereum/eth/tracers/firehose.go:2721.2,2722.58 2 0
github.com/ethereum/go-ethereum/eth/tracers/firehose.go:2725.34,2728.2 2 1
github.com/ethereum/go-ethereum/eth/tracers/firehose.go:2730.41,2732.2 1 1
github.com/ethereum/go-ethereum/eth/tracers/firehose.go:2737.44,2746.48 2 1
github.com/ethereum/go-ethereum/eth/tracers/firehose.go:2746.48,2748.17 2 1
github.com/ethereum/go-ethereum/eth/tracers/firehose.go:2748.17,2774.18 1 0
github.com/ethereum/go-ethereum/eth/tracers/firehose.go:2779.90,2784.16 4 1
github.com/ethereum/go-ethereum/eth/tracers/firehose.go:2784.16,2785.41 1 0
github.com/ethereum/go-ethereum/eth/tracers/firehose.go:2785.41,2786.29 1 0
github.com/ethereum/go-ethereum/eth/tracers/firehose.go:2786.29,2788.5 1 0
github.com/ethereum/go-ethereum/eth/tracers/firehose.go:2791.4,2791.14 1 0
github.com/ethereum/go-ethereum/eth/tracers/firehose.go:2795.3,2795.45 1 0
github.com/ethereum/go-ethereum/eth/tracers/firehose.go:2798.2,2800.16 3 1
github.com/ethereum/go-ethereum/eth/tracers/firehose.go:2800.16,2801.41 1 1
github.com/ethereum/go-ethereum/eth/tracers/firehose.go:2801.41,2802.29 1 1
github.com/ethereum/go-ethereum/eth/tracers/firehose.go:2802.29,2804.5 1 0
github.com/ethereum/go-ethereum/eth/tracers/firehose.go:2807.4,2807.14 1 1
github.com/ethereum/go-ethereum/eth/tracers/firehose.go:2811.3,2811.45 1 0
github.com/ethereum/go-ethereum/eth/tracers/firehose.go:2815.2,2815.28 1 1
github.com/ethereum/go-ethereum/eth/tracers/firehose.go:2815.28,2817.3 1 0
github.com/ethereum/go-ethereum/eth/tracers/firehose.go:2819.2,2819.12 1 1
github.com/ethereum/go-ethereum/eth/tracers/firehose.go:2826.72,2827.25 1 0
github.com/ethereum/go-ethereum/eth/tracers/firehose.go:2827.25,2828.107 1 0
github.com/ethereum/go-ethereum/eth/tracers/firehose.go:2835.86,2837.2 1 0
github.com/ethereum/go-ethereum/eth/tracers/firehose.go:2839.79,2841.26 2 0
github.com/ethereum/go-ethereum/eth/tracers/firehose.go:2841.26,2843.3 1 0
github.com/ethereum/go-ethereum/eth/tracers/firehose.go:2843.8,2843.33 1 0
github.com/ethereum/go-ethereum/eth/tracers/firehose.go:2843.33,2845.3 1 0
github.com/ethereum/go-ethereum/eth/tracers/firehose.go:2845.8,2847.3 1 0
github.com/ethereum/go-ethereum/eth/tracers/firehose.go:2849.2,2849.66 1 0
github.com/ethereum/go-ethereum/eth/tracers/firehose.go:2849.66,2850.15 1 0
github.com/ethereum/go-ethereum/eth/tracers/firehose.go:2850.15,2852.4 1 0
github.com/ethereum/go-ethereum/eth/tracers/firehose.go:2852.9,2854.4 1 0
github.com/ethereum/go-ethereum/eth/tracers/firehose.go:2858.76,2860.2 1 1
github.com/ethereum/go-ethereum/eth/tracers/firehose.go:2862.85,2863.22 1 1
github.com/ethereum/go-ethereum/eth/tracers/firehose.go:2863.22,2866.3 2 0
github.com/ethereum/go-ethereum/eth/tracers/firehose.go:2868.2,2868.19 1 1
github.com/ethereum/go-ethereum/eth/tracers/firehose.go:2868.19,2870.3 1 1
github.com/ethereum/go-ethereum/eth/tracers/firehose.go:2873.80,2875.2 1 0
github.com/ethereum/go-ethereum/eth/tracers/firehose.go:2877.77,2878.65 1 1
github.com/ethereum/go-ethereum/eth/tracers/firehose.go:2878.65,2878.109 1 0
github.com/ethereum/go-ethereum/eth/tracers/firehose.go:2881.77,2882.65 1 0
github.com/ethereum/go-ethereum/eth/tracers/firehose.go:2882.65,2882.101 1 0
github.com/ethereum/go-ethereum/eth/tracers/firehose.go:2886.112,2887.12 1 1
github.com/ethereum/go-ethereum/eth/tracers/firehose.go:2887.12,2889.3 1 0
github.com/ethereum/go-ethereum/eth/tracers/firehose.go:2892.25,2894.2 1 1
github.com/ethereum/go-ethereum/eth/tracers/firehose.go:2898.65,2900.2 1 0
github.com/ethereum/go-ethereum/eth/tracers/firehose.go:2902.51,2903.15 1 0
github.com/ethereum/go-ethereum/eth/tracers/firehose.go:2903.15,2905.3 1 0
github.com/ethereum/go-ethereum/eth/tracers/firehose.go:2907.2,2907.41 1 0
github.com/ethereum/go-ethereum/eth/tracers/firehose.go:2907.41,2909.3 1 0
github.com/ethereum/go-ethereum/eth/tracers/firehose.go:2918.2,2919.67 2 0
github.com/ethereum/go-ethereum/eth/tracers/firehose_concurrency.go:33.145,42.2 1 0
github.com/ethereum/go-ethereum/eth/tracers/firehose_concurrency.go:44.55,45.35 1 0
github.com/ethereum/go-ethereum/eth/tracers/firehose_concurrency.go:45.35,48.3 2 0
github.com/ethereum/go-ethereum/eth/tracers/firehose_concurrency.go:50.2,51.22 2 0
github.com/ethereum/go-ethereum/eth/tracers/firehose_concurrency.go:54.86,55.9 1 0
github.com/ethereum/go-ethereum/eth/tracers/firehose_concurrency.go:56.37,56.37 0 0
github.com/ethereum/go-ethereum/eth/tracers/firehose_concurrency.go:57.10,57.10 0 0
github.com/ethereum/go-ethereum/eth/tracers/firehose_concurrency.go:60.2,63.3 1 0
github.com/ethereum/go-ethereum/eth/tracers/firehose_concurrency.go:69.48,70.24 1 0
github.com/ethereum/go-ethereum/eth/tracers/firehose_concurrency.go:70.24,75.3 4 0
github.com/ethereum/go-ethereum/eth/tracers/firehose_concurrency.go:79.41,81.30 2 0
github.com/ethereum/go-ethereum/eth/tracers/firehose_concurrency.go:81.30,83.3 1 0
github.com/ethereum/go-ethereum/eth/tracers/firehose_concurrency.go:87.48,92.33 4 0
github.com/ethereum/go-ethereum/eth/tracers/firehose_concurrency.go:92.33,94.7 2 0
github.com/ethereum/go-ethereum/eth/tracers/firehose_concurrency.go:94.7,96.11 2 0
github.com/ethereum/go-ethereum/eth/tracers/firehose_concurrency.go:96.11,97.10 1 0
github.com/ethereum/go-ethereum/eth/tracers/firehose_concurrency.go:99.4,101.10 3 0
github.com/ethereum/go-ethereum/eth/tracers/live.go:37.59,39.2 1 1
github.com/ethereum/go-ethereum/eth/tracers/live.go:42.90,43.22 1 0
github.com/ethereum/go-ethereum/eth/tracers/live.go:43.22,45.3 1 0
github.com/ethereum/go-ethereum/eth/tracers/live.go:46.2,46.32 1 0
github.com/ethereum/go-ethereum/eth/tracers/live.go:46.32,48.3 1 0
github.com/ethereum/go-ethereum/eth/tracers/live.go:49.2,49.37 1 0
github.com/ethereum/go-ethereum/eth/tracers/tracker.go:38.62,47.2 2 0
github.com/ethereum/go-ethereum/eth/tracers/tracker.go:51.78,62.24 4 0
github.com/ethereum/go-ethereum/eth/tracers/tracker.go:62.24,64.31 2 0
github.com/ethereum/go-ethereum/eth/tracers/tracker.go:64.31,65.13 1 0
github.com/ethereum/go-ethereum/eth/tracers/tracker.go:65.13,66.10 1 0
github.com/ethereum/go-ethereum/eth/tracers/tracker.go:68.4,68.14 1 0
github.com/ethereum/go-ethereum/eth/tracers/tracker.go:70.3,74.46 3 0
github.com/ethereum/go-ethereum/eth/tracers/tracker.go:74.46,76.4 1 0
github.com/ethereum/go-ethereum/eth/tracers/tracker.go:78.3,78.21 1 0
github.com/ethereum/go-ethereum/eth/tracers/tracker.go:80.2,80.42 1 0
github.com/ethereum/go-ethereum/eth/tracers/tracker.go:84.39,88.37 3 0
github.com/ethereum/go-ethereum/eth/tracers/tracker.go:88.37,90.3 1 0
github.com/ethereum/go-ethereum/eth/tracers/tracker.go:91.2,91.29 1 0
github.com/ethereum/go-ethereum/eth/tracers/tracker.go:95.50,99.6 3 0
github.com/ethereum/go-ethereum/eth/tracers/tracker.go:99.6,100.24 1 0
github.com/ethereum/go-ethereum/eth/tracers/tracker.go:100.24,102.4 1 0
github.com/ethereum/go-ethereum/eth/tracers/tracker.go:103.3,103.40 1 0
github.com/ethereum/go-ethereum/eth/tracers/tracker.go:103.40,106.4 1 0
github.com/ethereum/go-ethereum/eth/tracers/tracker.go:107.3,107.16 1 0
